2025-12-06 18:43:26,382 - INFO - Pipeline started
2025-12-06 18:43:26,383 - INFO - Log file: /home/theafrazkhan/Desktop/scrappin/backend/logs/scraper_20251206_184326.log
2025-12-06 18:43:28,303 - INFO - ✓ Found credentials for: Joe@aureaclubs.com
2025-12-06 18:43:28,303 - INFO - 
======================================================================
2025-12-06 18:43:28,304 - INFO - STEP 1: Login & Save Cookies
2025-12-06 18:43:28,304 - INFO - ======================================================================
2025-12-06 18:43:28,305 - INFO - 🚀 Running: login_and_save_cookies.py
2025-12-06 18:45:29,057 - INFO - ============================================================
2025-12-06 18:45:29,058 - INFO - Lululemon Wholesale Portal - Login & Cookie Extractor
2025-12-06 18:45:29,058 - INFO - ============================================================
2025-12-06 18:45:29,059 - INFO - [1/4] Setting up Chrome WebDriver...
2025-12-06 18:45:29,059 - INFO - Setting up Chrome WebDriver...
2025-12-06 18:45:29,059 - INFO - Installing/updating ChromeDriver...
2025-12-06 18:45:29,060 - INFO - ✓ Chrome WebDriver initialized successfully
2025-12-06 18:45:29,060 - INFO - [2/4] Logging in to wholesale portal...
2025-12-06 18:45:29,060 - INFO - Navigating to https://wholesale.lululemon.com/...
2025-12-06 18:45:29,061 - INFO - Looking for email input field...
2025-12-06 18:45:29,061 - INFO - Entering email: Joe@aureaclubs.com
2025-12-06 18:45:29,061 - INFO - Entering password...
2025-12-06 18:45:29,062 - INFO - Clicking login button...
2025-12-06 18:45:29,062 - INFO - Waiting for login to complete...
2025-12-06 18:45:29,063 - INFO - ✓ Login successful!
2025-12-06 18:45:29,063 - INFO - Current URL: https://wholesale.lululemon.com/
2025-12-06 18:45:29,064 - INFO - [3/4] Saving cookies...
2025-12-06 18:45:29,064 - INFO - Found 5 cookies
2025-12-06 18:45:29,064 - INFO - ✓ Cookies saved to: /home/theafrazkhan/Desktop/scrappin/backend/data/cookie/cookie.json
2025-12-06 18:45:29,065 - INFO - Important cookies found:
2025-12-06 18:45:29,065 - INFO -   - frontastic-session: eyJ0eXAiOiJKV1QiLCJhbGciOiJIUzI1NiIsImtpZCI6IjZiMm...
2025-12-06 18:45:29,065 - INFO - [4/4] Extracting product counts from category pages...
2025-12-06 18:45:29,066 - INFO -   Navigating to women...
2025-12-06 18:45:29,066 - INFO -   Found text: Showing 12 of 266 items
2025-12-06 18:45:29,067 - INFO -   ✓ Total products in women: 266
2025-12-06 18:45:29,067 - INFO -   Navigating to men...
2025-12-06 18:45:29,067 - INFO -   ⚠ Could not extract product count for men, using default limit=12
2025-12-06 18:45:29,068 - INFO -   Navigating to accessories...
2025-12-06 18:45:29,068 - INFO -   ⚠ Could not extract product count for accessories, using default limit=12
2025-12-06 18:45:29,069 - INFO -   Navigating to supplies...
2025-12-06 18:45:29,069 - INFO -   ⚠ Could not extract product count for supplies, using default limit=12
2025-12-06 18:45:29,069 - INFO - [4/4] Updating links.csv file...
2025-12-06 18:45:29,070 - INFO -   - women: limit=276
2025-12-06 18:45:29,070 - INFO -   - men: limit=12
2025-12-06 18:45:29,071 - INFO -   - accessories: limit=12
2025-12-06 18:45:29,071 - INFO -   - supplies: limit=12
2025-12-06 18:45:29,071 - INFO - ✓ Links saved to: /home/theafrazkhan/Desktop/scrappin/backend/data/links.csv
2025-12-06 18:45:29,071 - INFO - ============================================================
2025-12-06 18:45:29,072 - INFO - ✓ SUCCESS! All tasks completed.
2025-12-06 18:45:29,072 - INFO - ============================================================
2025-12-06 18:45:29,072 - INFO - Cookie file: /home/theafrazkhan/Desktop/scrappin/backend/data/cookie/cookie.json
2025-12-06 18:45:29,073 - INFO - Links file: /home/theafrazkhan/Desktop/scrappin/backend/data/links.csv
2025-12-06 18:45:29,073 - INFO - You can now use these cookies and links with your download scripts.
2025-12-06 18:45:29,073 - INFO - Closing browser...
2025-12-06 18:45:29,434 - INFO - ✓ login_and_save_cookies.py completed successfully
2025-12-06 18:45:29,435 - INFO - 
======================================================================
2025-12-06 18:45:29,435 - INFO - STEP 2: Extract Product Links
2025-12-06 18:45:29,436 - INFO - ======================================================================
2025-12-06 18:45:29,436 - INFO - 🚀 Running: extract_product_links.py
2025-12-06 18:47:35,259 - INFO - ======================================================================
2025-12-06 18:47:35,260 - INFO - Category Page Downloader & Product Link Extractor
2025-12-06 18:47:35,260 - INFO - ======================================================================
2025-12-06 18:47:35,260 - INFO - 📖 Reading category links from CSV...
2025-12-06 18:47:35,261 - INFO - ✓ Found 4 categories: women, men, accessories, supplies
2025-12-06 18:47:35,261 - INFO - 🍪 Loading session cookies...
2025-12-06 18:47:35,261 - INFO - ✓ Loaded 5 cookies
2025-12-06 18:47:35,261 - INFO - ======================================================================
2025-12-06 18:47:35,262 - INFO - STEP 1: Downloading Category Pages
2025-12-06 18:47:35,262 - INFO - ======================================================================
2025-12-06 18:47:35,262 - INFO - 📥 Downloading: women
2025-12-06 18:47:35,262 - INFO -    URL: https://wholesale.lululemon.com/lululemon/women?limit=276&pic=14ffd75b-6d75-49dd-8ea5-811f163e6c06&prc=a1eb736a-58d3-43fb-b99a-e435e30b5b4c
2025-12-06 18:47:35,262 - INFO -    ⏳ Loading page...
2025-12-06 18:47:35,263 - INFO -    ⏳ Waiting for products to load...
2025-12-06 18:47:35,263 - INFO -    ✓ Products loaded in DOM
2025-12-06 18:47:35,263 - INFO -    ✓ Saved to: /home/theafrazkhan/Desktop/scrappin/backend/data/women.html
2025-12-06 18:47:35,264 - INFO - 📥 Downloading: men
2025-12-06 18:47:35,264 - INFO -    URL: https://wholesale.lululemon.com/lululemon/men?limit=12&pic=14ffd75b-6d75-49dd-8ea5-811f163e6c06&prc=a1eb736a-58d3-43fb-b99a-e435e30b5b4c
2025-12-06 18:47:35,264 - INFO -    ⏳ Loading page...
2025-12-06 18:47:35,264 - INFO -    ⏳ Waiting for products to load...
2025-12-06 18:47:35,265 - INFO -    ✓ Products loaded in DOM
2025-12-06 18:47:35,265 - INFO -    ✓ Saved to: /home/theafrazkhan/Desktop/scrappin/backend/data/men.html
2025-12-06 18:47:35,265 - INFO - 📥 Downloading: accessories
2025-12-06 18:47:35,265 - INFO -    URL: https://wholesale.lululemon.com/lululemon/accessories?limit=12&pic=14ffd75b-6d75-49dd-8ea5-811f163e6c06&prc=a1eb736a-58d3-43fb-b99a-e435e30b5b4c
2025-12-06 18:47:35,266 - INFO -    ⏳ Loading page...
2025-12-06 18:47:35,266 - INFO -    ⏳ Waiting for products to load...
2025-12-06 18:47:35,266 - INFO -    ✓ Products loaded in DOM
2025-12-06 18:47:35,267 - INFO -    ✓ Saved to: /home/theafrazkhan/Desktop/scrappin/backend/data/accessories.html
2025-12-06 18:47:35,267 - INFO - 📥 Downloading: supplies
2025-12-06 18:47:35,267 - INFO -    URL: https://wholesale.lululemon.com/lululemon/supplies?limit=12&pic=14ffd75b-6d75-49dd-8ea5-811f163e6c06&prc=a1eb736a-58d3-43fb-b99a-e435e30b5b4c
2025-12-06 18:47:35,267 - INFO -    ⏳ Loading page...
2025-12-06 18:47:35,268 - INFO -    ⏳ Waiting for products to load...
2025-12-06 18:47:35,268 - INFO -    ✓ Products loaded in DOM
2025-12-06 18:47:35,268 - INFO -    ✓ Saved to: /home/theafrazkhan/Desktop/scrappin/backend/data/supplies.html
2025-12-06 18:47:35,269 - INFO - ======================================================================
2025-12-06 18:47:35,269 - INFO - STEP 2: Extracting Product Links
2025-12-06 18:47:35,269 - INFO - ======================================================================
2025-12-06 18:47:35,269 - INFO - 🔍 Extracting links from: women.html
2025-12-06 18:47:35,270 - INFO -    📦 Found 0 products in JSON data
2025-12-06 18:47:35,270 - INFO -    ℹ️  Falling back to HTML parsing...
2025-12-06 18:47:35,270 - INFO -    ✓ Found 22 unique product links
2025-12-06 18:47:35,270 - INFO -    ✓ Saved to: /home/theafrazkhan/Desktop/scrappin/backend/data/categories/women.csv
2025-12-06 18:47:35,271 - INFO - 🔍 Extracting links from: men.html
2025-12-06 18:47:35,271 - INFO -    📦 Found 0 products in JSON data
2025-12-06 18:47:35,271 - INFO -    ℹ️  Falling back to HTML parsing...
2025-12-06 18:47:35,271 - INFO -    ✓ Found 22 unique product links
2025-12-06 18:47:35,272 - INFO -    ✓ Saved to: /home/theafrazkhan/Desktop/scrappin/backend/data/categories/men.csv
2025-12-06 18:47:35,272 - INFO - 🔍 Extracting links from: accessories.html
2025-12-06 18:47:35,272 - INFO -    📦 Found 0 products in JSON data
2025-12-06 18:47:35,273 - INFO -    ℹ️  Falling back to HTML parsing...
2025-12-06 18:47:35,273 - INFO -    ✓ Found 22 unique product links
2025-12-06 18:47:35,273 - INFO -    ✓ Saved to: /home/theafrazkhan/Desktop/scrappin/backend/data/categories/accessories.csv
2025-12-06 18:47:35,274 - INFO - 🔍 Extracting links from: supplies.html
2025-12-06 18:47:35,274 - INFO -    📦 Found 0 products in JSON data
2025-12-06 18:47:35,275 - INFO -    ℹ️  Falling back to HTML parsing...
2025-12-06 18:47:35,275 - INFO -    ✓ Found 22 unique product links
2025-12-06 18:47:35,275 - INFO -    ✓ Saved to: /home/theafrazkhan/Desktop/scrappin/backend/data/categories/supplies.csv
2025-12-06 18:47:35,276 - INFO - ======================================================================
2025-12-06 18:47:35,276 - INFO - STEP 3: Cleaning Up HTML Files
2025-12-06 18:47:35,276 - INFO - ======================================================================
2025-12-06 18:47:35,277 - INFO - 🗑️  Deleted: women.html
2025-12-06 18:47:35,277 - INFO - 🗑️  Deleted: men.html
2025-12-06 18:47:35,277 - INFO - 🗑️  Deleted: accessories.html
2025-12-06 18:47:35,278 - INFO - 🗑️  Deleted: supplies.html
2025-12-06 18:47:35,278 - INFO - ======================================================================
2025-12-06 18:47:35,278 - INFO - EXTRACTION COMPLETE!
2025-12-06 18:47:35,278 - INFO - ======================================================================
2025-12-06 18:47:35,279 - INFO - ✓ Women: 22 product links
2025-12-06 18:47:35,279 - INFO - ✓ Men: 22 product links
2025-12-06 18:47:35,279 - INFO - ✓ Accessories: 22 product links
2025-12-06 18:47:35,279 - INFO - ✓ Supplies: 22 product links
2025-12-06 18:47:35,280 - INFO - 🔗 Total unique product links: 88
2025-12-06 18:47:35,280 - INFO - 📁 CSV files saved in: /home/theafrazkhan/Desktop/scrappin/backend/data/categories/
2025-12-06 18:47:35,280 - INFO - ======================================================================
2025-12-06 18:47:35,500 - INFO - ✓ extract_product_links.py completed successfully
2025-12-06 18:47:35,501 - INFO - 
======================================================================
2025-12-06 18:47:35,502 - INFO - STEP 3: Download Product Pages
2025-12-06 18:47:35,502 - INFO - ======================================================================
2025-12-06 18:47:35,503 - INFO - 🚀 Running: download_by_category.py
2025-12-06 18:48:54,908 - INFO - ⚙️  Performance Settings:
2025-12-06 18:48:54,908 - INFO -    • Max concurrent downloads: 50
2025-12-06 18:48:54,909 - INFO -    • Browser contexts: 5
2025-12-06 18:48:54,909 - INFO - ======================================================================
2025-12-06 18:48:54,909 - INFO - Category-Based Product Page Downloader
2025-12-06 18:48:54,909 - INFO - ======================================================================
2025-12-06 18:48:54,910 - INFO - 🔐 Loading session cookies...
2025-12-06 18:48:54,910 - INFO - ✓ Loaded 5 cookies
2025-12-06 18:48:54,910 - INFO - 📂 Categories to process: women, men, accessories, supplies
2025-12-06 18:48:54,910 - INFO - 🚀 Starting browser...
2025-12-06 18:48:54,910 - INFO - 📦 Category: WOMEN
2025-12-06 18:48:54,911 - INFO -    URLs to download: 22
2025-12-06 18:48:54,911 - INFO -   [Progress] 10/22 pages downloaded
2025-12-06 18:48:54,911 - INFO -   [Progress] 20/22 pages downloaded
2025-12-06 18:48:54,911 - INFO -    ✅ Downloaded: 22/22 pages
2025-12-06 18:48:54,911 - INFO - 📦 Category: MEN
2025-12-06 18:48:54,911 - INFO -    URLs to download: 22
2025-12-06 18:48:54,911 - INFO -   [Progress] 10/22 pages downloaded
2025-12-06 18:48:54,911 - INFO -   [Progress] 20/22 pages downloaded
2025-12-06 18:48:54,912 - INFO -    ✅ Downloaded: 22/22 pages
2025-12-06 18:48:54,912 - INFO - 📦 Category: ACCESSORIES
2025-12-06 18:48:54,912 - INFO -    URLs to download: 22
2025-12-06 18:48:54,912 - INFO -   [Progress] 10/22 pages downloaded
2025-12-06 18:48:54,913 - INFO -   [Progress] 20/22 pages downloaded
2025-12-06 18:48:54,913 - INFO -    ✅ Downloaded: 22/22 pages
2025-12-06 18:48:54,913 - INFO - 📦 Category: SUPPLIES
2025-12-06 18:48:54,913 - INFO -    URLs to download: 22
2025-12-06 18:48:54,913 - INFO -   [Progress] 10/22 pages downloaded
2025-12-06 18:48:54,914 - INFO -   [Progress] 20/22 pages downloaded
2025-12-06 18:48:54,914 - INFO -    ✅ Downloaded: 22/22 pages
2025-12-06 18:48:54,914 - INFO - ======================================================================
2025-12-06 18:48:54,914 - INFO - DOWNLOAD COMPLETE!
2025-12-06 18:48:54,915 - INFO - ======================================================================
2025-12-06 18:48:54,915 - INFO - ✅ Successfully downloaded: 88 pages
2025-12-06 18:48:54,915 - INFO - ⏱️  Total time: 78 seconds (1.3 minutes)
2025-12-06 18:48:54,915 - INFO - ⚡ Average speed: 1.12 pages/second
2025-12-06 18:48:54,915 - INFO - 📂 Files saved to: /home/theafrazkhan/Desktop/scrappin/backend/data/{category}/
2025-12-06 18:48:54,916 - INFO - ======================================================================
2025-12-06 18:48:55,051 - INFO - ✓ download_by_category.py completed successfully
2025-12-06 18:48:55,052 - INFO - 
======================================================================
2025-12-06 18:48:55,052 - INFO - STEP 4: Generate Excel Report
2025-12-06 18:48:55,052 - INFO - ======================================================================
2025-12-06 18:48:55,052 - INFO - 🚀 Running: extract_to_excel.py
2025-12-06 18:48:56,408 - INFO - ============================================================
2025-12-06 18:48:56,408 - INFO - Lululemon Product Information Batch Extractor
2025-12-06 18:48:56,408 - INFO - ============================================================
2025-12-06 18:48:56,409 - INFO - ✓ Checking data folder: /home/theafrazkhan/Desktop/scrappin/backend/data
2025-12-06 18:48:56,409 - INFO -   Found 22 files in accessories
2025-12-06 18:48:56,409 - INFO -   Found 22 files in men
2025-12-06 18:48:56,409 - INFO -   Found 22 files in women
2025-12-06 18:48:56,409 - INFO -   Found 22 files in supplies
2025-12-06 18:48:56,409 - INFO - ✓ Found 88 HTML file(s) to process
2025-12-06 18:48:56,410 - INFO - ------------------------------------------------------------
2025-12-06 18:48:56,410 - INFO - Processing: jd2tq0pqw6.html
2025-12-06 18:48:56,410 - INFO - ============================================================
2025-12-06 18:48:56,410 - INFO - Lululemon Product Information Extractor to Excel
2025-12-06 18:48:56,411 - INFO - ============================================================
2025-12-06 18:48:56,411 - INFO - Reading HTML from: /home/theafrazkhan/Desktop/scrappin/backend/data/accessories/jd2tq0pqw6.html
2025-12-06 18:48:56,411 - INFO - ✓ Successfully parsed __NEXT_DATA__ JSON
2025-12-06 18:48:56,411 - INFO - ✓ Found product data
2025-12-06 18:48:56,411 - INFO - ⚠ No inventory data found in HTML
2025-12-06 18:48:56,412 - INFO - ⚠ No product image found
2025-12-06 18:48:56,412 - INFO - ⚠ No color swatches found
2025-12-06 18:48:56,412 - INFO -   ✓ Successfully extracted: Pace Breaker Linerless Short 7" [Category: accessories]
2025-12-06 18:48:56,412 - INFO - Processing: s1zlom3wpy.html
2025-12-06 18:48:56,412 - INFO - ============================================================
2025-12-06 18:48:56,412 - INFO - Lululemon Product Information Extractor to Excel
2025-12-06 18:48:56,413 - INFO - ============================================================
2025-12-06 18:48:56,413 - INFO - Reading HTML from: /home/theafrazkhan/Desktop/scrappin/backend/data/accessories/s1zlom3wpy.html
2025-12-06 18:48:56,413 - INFO - ✓ Successfully parsed __NEXT_DATA__ JSON
2025-12-06 18:48:56,413 - INFO - ✓ Found product data
2025-12-06 18:48:56,413 - INFO - ⚠ No inventory data found in HTML
2025-12-06 18:48:56,414 - INFO - ⚠ No product image found
2025-12-06 18:48:56,414 - INFO - ⚠ No color swatches found
2025-12-06 18:48:56,414 - INFO -   ✓ Successfully extracted: lululemon Align™ Dress [Category: accessories]
2025-12-06 18:48:56,414 - INFO - Processing: hnsjuvo8dn.html
2025-12-06 18:48:56,414 - INFO - ============================================================
2025-12-06 18:48:56,415 - INFO - Lululemon Product Information Extractor to Excel
2025-12-06 18:48:56,415 - INFO - ============================================================
2025-12-06 18:48:56,415 - INFO - Reading HTML from: /home/theafrazkhan/Desktop/scrappin/backend/data/accessories/hnsjuvo8dn.html
2025-12-06 18:48:56,415 - INFO - ✓ Successfully parsed __NEXT_DATA__ JSON
2025-12-06 18:48:56,415 - INFO - ✓ Found product data
2025-12-06 18:48:56,415 - INFO - ⚠ No inventory data found in HTML
2025-12-06 18:48:56,416 - INFO - ⚠ No product image found
2025-12-06 18:48:56,416 - INFO - ⚠ No color swatches found
2025-12-06 18:48:56,416 - INFO -   ✓ Successfully extracted: Define Jacket *Nulu [Category: accessories]
2025-12-06 18:48:56,416 - INFO - Processing: l39b1md52p.html
2025-12-06 18:48:56,416 - INFO - ============================================================
2025-12-06 18:48:56,416 - INFO - Lululemon Product Information Extractor to Excel
2025-12-06 18:48:56,417 - INFO - ============================================================
2025-12-06 18:48:56,417 - INFO - Reading HTML from: /home/theafrazkhan/Desktop/scrappin/backend/data/accessories/l39b1md52p.html
2025-12-06 18:48:56,417 - INFO - ✓ Successfully parsed __NEXT_DATA__ JSON
2025-12-06 18:48:56,417 - INFO - ✓ Found product data
2025-12-06 18:48:56,417 - INFO - ⚠ No inventory data found in HTML
2025-12-06 18:48:56,417 - INFO - ⚠ No product image found
2025-12-06 18:48:56,417 - INFO - ⚠ No color swatches found
2025-12-06 18:48:56,418 - INFO -   ✓ Successfully extracted: License to Train Jogger *Regular [Category: accessories]
2025-12-06 18:48:56,418 - INFO - Processing: flm088ugr4.html
2025-12-06 18:48:56,418 - INFO - ============================================================
2025-12-06 18:48:56,418 - INFO - Lululemon Product Information Extractor to Excel
2025-12-06 18:48:56,418 - INFO - ============================================================
2025-12-06 18:48:56,418 - INFO - Reading HTML from: /home/theafrazkhan/Desktop/scrappin/backend/data/accessories/flm088ugr4.html
2025-12-06 18:48:56,419 - INFO - ✓ Successfully parsed __NEXT_DATA__ JSON
2025-12-06 18:48:56,419 - INFO - ✓ Found product data
2025-12-06 18:48:56,419 - INFO - ⚠ No inventory data found in HTML
2025-12-06 18:48:56,419 - INFO - ⚠ No product image found
2025-12-06 18:48:56,419 - INFO - ⚠ No color swatches found
2025-12-06 18:48:56,419 - INFO -   ✓ Successfully extracted: Pace Breaker Pant *Regular [Category: accessories]
2025-12-06 18:48:56,420 - INFO - Processing: mi17prdzjn.html
2025-12-06 18:48:56,420 - INFO - ============================================================
2025-12-06 18:48:56,420 - INFO - Lululemon Product Information Extractor to Excel
2025-12-06 18:48:56,420 - INFO - ============================================================
2025-12-06 18:48:56,420 - INFO - Reading HTML from: /home/theafrazkhan/Desktop/scrappin/backend/data/accessories/mi17prdzjn.html
2025-12-06 18:48:56,420 - INFO - ✓ Successfully parsed __NEXT_DATA__ JSON
2025-12-06 18:48:56,421 - INFO - ✓ Found product data
2025-12-06 18:48:56,421 - INFO - ⚠ No inventory data found in HTML
2025-12-06 18:48:56,421 - INFO - ⚠ No product image found
2025-12-06 18:48:56,421 - INFO - ⚠ No color swatches found
2025-12-06 18:48:56,421 - INFO -   ✓ Successfully extracted: Pace Breaker Linerless Short 5" [Category: accessories]
2025-12-06 18:48:56,421 - INFO - Processing: yse0idzlrl.html
2025-12-06 18:48:56,422 - INFO - ============================================================
2025-12-06 18:48:56,422 - INFO - Lululemon Product Information Extractor to Excel
2025-12-06 18:48:56,422 - INFO - ============================================================
2025-12-06 18:48:56,422 - INFO - Reading HTML from: /home/theafrazkhan/Desktop/scrappin/backend/data/accessories/yse0idzlrl.html
2025-12-06 18:48:56,422 - INFO - ✓ Successfully parsed __NEXT_DATA__ JSON
2025-12-06 18:48:56,422 - INFO - ✓ Found product data
2025-12-06 18:48:56,423 - INFO - ⚠ No inventory data found in HTML
2025-12-06 18:48:56,423 - INFO - ⚠ No product image found
2025-12-06 18:48:56,423 - INFO - ⚠ No color swatches found
2025-12-06 18:48:56,423 - INFO -   ✓ Successfully extracted: ABC Jogger *Regular [Category: accessories]
2025-12-06 18:48:56,423 - INFO - Processing: ov5xe6ce71.html
2025-12-06 18:48:56,423 - INFO - ============================================================
2025-12-06 18:48:56,423 - INFO - Lululemon Product Information Extractor to Excel
2025-12-06 18:48:56,424 - INFO - ============================================================
2025-12-06 18:48:56,424 - INFO - Reading HTML from: /home/theafrazkhan/Desktop/scrappin/backend/data/accessories/ov5xe6ce71.html
2025-12-06 18:48:56,424 - INFO - ✓ Successfully parsed __NEXT_DATA__ JSON
2025-12-06 18:48:56,424 - INFO - ✓ Found product data
2025-12-06 18:48:56,424 - INFO - ⚠ No inventory data found in HTML
2025-12-06 18:48:56,424 - INFO - ⚠ No product image found
2025-12-06 18:48:56,424 - INFO - ⚠ No color swatches found
2025-12-06 18:48:56,425 - INFO -   ✓ Successfully extracted: Cold Weather Running Half Zip [Category: accessories]
2025-12-06 18:48:56,425 - INFO - Processing: o33vn871q7.html
2025-12-06 18:48:56,425 - INFO - ============================================================
2025-12-06 18:48:56,425 - INFO - Lululemon Product Information Extractor to Excel
2025-12-06 18:48:56,425 - INFO - ============================================================
2025-12-06 18:48:56,425 - INFO - Reading HTML from: /home/theafrazkhan/Desktop/scrappin/backend/data/accessories/o33vn871q7.html
2025-12-06 18:48:56,425 - INFO - ✓ Successfully parsed __NEXT_DATA__ JSON
2025-12-06 18:48:56,425 - INFO - ✓ Found product data
2025-12-06 18:48:56,426 - INFO - ⚠ No inventory data found in HTML
2025-12-06 18:48:56,426 - INFO - ⚠ No product image found
2025-12-06 18:48:56,426 - INFO - ⚠ No color swatches found
2025-12-06 18:48:56,426 - INFO -   ✓ Successfully extracted: Brushed Softstreme Half Zip [Category: accessories]
2025-12-06 18:48:56,426 - INFO - Processing: mu7d0x376w.html
2025-12-06 18:48:56,426 - INFO - ============================================================
2025-12-06 18:48:56,426 - INFO - Lululemon Product Information Extractor to Excel
2025-12-06 18:48:56,427 - INFO - ============================================================
2025-12-06 18:48:56,427 - INFO - Reading HTML from: /home/theafrazkhan/Desktop/scrappin/backend/data/accessories/mu7d0x376w.html
2025-12-06 18:48:56,427 - INFO - ✓ Successfully parsed __NEXT_DATA__ JSON
2025-12-06 18:48:56,427 - INFO - ✓ Found product data
2025-12-06 18:48:56,427 - INFO - ⚠ No inventory data found in HTML
2025-12-06 18:48:56,427 - INFO - ⚠ No product image found
2025-12-06 18:48:56,427 - INFO - ⚠ No color swatches found
2025-12-06 18:48:56,428 - INFO -   ✓ Successfully extracted: Pace Breaker Jogger *Regular [Category: accessories]
2025-12-06 18:48:56,428 - INFO - Processing: d279l7o1tv.html
2025-12-06 18:48:56,428 - INFO - ============================================================
2025-12-06 18:48:56,428 - INFO - Lululemon Product Information Extractor to Excel
2025-12-06 18:48:56,428 - INFO - ============================================================
2025-12-06 18:48:56,428 - INFO - Reading HTML from: /home/theafrazkhan/Desktop/scrappin/backend/data/accessories/d279l7o1tv.html
2025-12-06 18:48:56,428 - INFO - ✓ Successfully parsed __NEXT_DATA__ JSON
2025-12-06 18:48:56,429 - INFO - ✓ Found product data
2025-12-06 18:48:56,429 - INFO - ⚠ No inventory data found in HTML
2025-12-06 18:48:56,429 - INFO - ⚠ No product image found
2025-12-06 18:48:56,429 - INFO - ⚠ No color swatches found
2025-12-06 18:48:56,429 - INFO -   ✓ Successfully extracted: Pace Breaker Lined Short 7" [Category: accessories]
2025-12-06 18:48:56,429 - INFO - Processing: a9ruj7kk4x.html
2025-12-06 18:48:56,429 - INFO - ============================================================
2025-12-06 18:48:56,430 - INFO - Lululemon Product Information Extractor to Excel
2025-12-06 18:48:56,430 - INFO - ============================================================
2025-12-06 18:48:56,430 - INFO - Reading HTML from: /home/theafrazkhan/Desktop/scrappin/backend/data/accessories/a9ruj7kk4x.html
2025-12-06 18:48:56,430 - INFO - ✓ Successfully parsed __NEXT_DATA__ JSON
2025-12-06 18:48:56,430 - INFO - ✓ Found product data
2025-12-06 18:48:56,430 - INFO - ⚠ No inventory data found in HTML
2025-12-06 18:48:56,431 - INFO - ⚠ No product image found
2025-12-06 18:48:56,431 - INFO - ⚠ No color swatches found
2025-12-06 18:48:56,431 - INFO -   ✓ Successfully extracted: ABC Slim-Fit Fixed-Waist Jogger *Regular [Category: accessories]
2025-12-06 18:48:56,431 - INFO - Processing: d7dkzkc4mb.html
2025-12-06 18:48:56,431 - INFO - ============================================================
2025-12-06 18:48:56,431 - INFO - Lululemon Product Information Extractor to Excel
2025-12-06 18:48:56,432 - INFO - ============================================================
2025-12-06 18:48:56,432 - INFO - Reading HTML from: /home/theafrazkhan/Desktop/scrappin/backend/data/accessories/d7dkzkc4mb.html
2025-12-06 18:48:56,432 - INFO - ✓ Successfully parsed __NEXT_DATA__ JSON
2025-12-06 18:48:56,432 - INFO - ✓ Found product data
2025-12-06 18:48:56,432 - INFO - ⚠ No inventory data found in HTML
2025-12-06 18:48:56,432 - INFO - ⚠ No product image found
2025-12-06 18:48:56,433 - INFO - ⚠ No color swatches found
2025-12-06 18:48:56,433 - INFO -   ✓ Successfully extracted: ABC Jogger Warpstreme *Tall [Category: accessories]
2025-12-06 18:48:56,433 - INFO - Processing: vd1eldejjq.html
2025-12-06 18:48:56,433 - INFO - ============================================================
2025-12-06 18:48:56,433 - INFO - Lululemon Product Information Extractor to Excel
2025-12-06 18:48:56,433 - INFO - ============================================================
2025-12-06 18:48:56,434 - INFO - Reading HTML from: /home/theafrazkhan/Desktop/scrappin/backend/data/accessories/vd1eldejjq.html
2025-12-06 18:48:56,434 - INFO - ✓ Successfully parsed __NEXT_DATA__ JSON
2025-12-06 18:48:56,434 - INFO - ✓ Found product data
2025-12-06 18:48:56,434 - INFO - ⚠ No inventory data found in HTML
2025-12-06 18:48:56,434 - INFO - ⚠ No product image found
2025-12-06 18:48:56,434 - INFO - ⚠ No color swatches found
2025-12-06 18:48:56,435 - INFO -   ✓ Successfully extracted: Define Jacket *Luon [Category: accessories]
2025-12-06 18:48:56,435 - INFO - Processing: v6tla28mp0.html
2025-12-06 18:48:56,435 - INFO - ============================================================
2025-12-06 18:48:56,435 - INFO - Lululemon Product Information Extractor to Excel
2025-12-06 18:48:56,435 - INFO - ============================================================
2025-12-06 18:48:56,829 - INFO - Reading HTML from: /home/theafrazkhan/Desktop/scrappin/backend/data/accessories/v6tla28mp0.html
2025-12-06 18:48:56,830 - INFO - ✓ Successfully parsed __NEXT_DATA__ JSON
2025-12-06 18:48:56,830 - INFO - ✓ Found product data
2025-12-06 18:48:56,830 - INFO - ⚠ No inventory data found in HTML
2025-12-06 18:48:56,830 - INFO - ⚠ No product image found
2025-12-06 18:48:56,830 - INFO - ⚠ No color swatches found
2025-12-06 18:48:56,831 - INFO -   ✓ Successfully extracted: Soft Jersey Jogger *Regular [Category: accessories]
2025-12-06 18:48:56,831 - INFO - Processing: bxp4p3wn4r.html
2025-12-06 18:48:56,831 - INFO - ============================================================
2025-12-06 18:48:56,831 - INFO - Lululemon Product Information Extractor to Excel
2025-12-06 18:48:56,831 - INFO - ============================================================
2025-12-06 18:48:56,832 - INFO - Reading HTML from: /home/theafrazkhan/Desktop/scrappin/backend/data/accessories/bxp4p3wn4r.html
2025-12-06 18:48:56,832 - INFO - ✓ Successfully parsed __NEXT_DATA__ JSON
2025-12-06 18:48:56,832 - INFO - ✓ Found product data
2025-12-06 18:48:56,832 - INFO - ⚠ No inventory data found in HTML
2025-12-06 18:48:56,832 - INFO - ⚠ No product image found
2025-12-06 18:48:56,833 - INFO - ⚠ No color swatches found
2025-12-06 18:48:56,833 - INFO -   ✓ Successfully extracted: Define Jacket Nulu *Flocked [Category: accessories]
2025-12-06 18:48:56,833 - INFO - Processing: g2faof1o98.html
2025-12-06 18:48:56,833 - INFO - ============================================================
2025-12-06 18:48:56,833 - INFO - Lululemon Product Information Extractor to Excel
2025-12-06 18:48:56,833 - INFO - ============================================================
2025-12-06 18:48:56,833 - INFO - Reading HTML from: /home/theafrazkhan/Desktop/scrappin/backend/data/accessories/g2faof1o98.html
2025-12-06 18:48:56,833 - INFO - ✓ Successfully parsed __NEXT_DATA__ JSON
2025-12-06 18:48:56,834 - INFO - ✓ Found product data
2025-12-06 18:48:56,834 - INFO - ⚠ No inventory data found in HTML
2025-12-06 18:48:56,834 - INFO - ⚠ No product image found
2025-12-06 18:48:56,834 - INFO - ⚠ No color swatches found
2025-12-06 18:48:56,834 - INFO -   ✓ Successfully extracted: Ebb to Street Cropped Racerback Tank Top *Light Support, B/C Cup [Category: accessories]
2025-12-06 18:48:56,835 - INFO - Processing: ccjxzqin3c.html
2025-12-06 18:48:56,835 - INFO - ============================================================
2025-12-06 18:48:56,835 - INFO - Lululemon Product Information Extractor to Excel
2025-12-06 18:48:56,835 - INFO - ============================================================
2025-12-06 18:48:56,835 - INFO - Reading HTML from: /home/theafrazkhan/Desktop/scrappin/backend/data/accessories/ccjxzqin3c.html
2025-12-06 18:48:56,835 - INFO - ✓ Successfully parsed __NEXT_DATA__ JSON
2025-12-06 18:48:56,836 - INFO - ✓ Found product data
2025-12-06 18:48:56,836 - INFO - ⚠ No inventory data found in HTML
2025-12-06 18:48:56,836 - INFO - ⚠ No product image found
2025-12-06 18:48:56,836 - INFO - ⚠ No color swatches found
2025-12-06 18:48:56,836 - INFO -   ✓ Successfully extracted: Pack It Down Vest [Category: accessories]
2025-12-06 18:48:56,837 - INFO - Processing: oo2vz3qc01.html
2025-12-06 18:48:56,837 - INFO - ============================================================
2025-12-06 18:48:56,837 - INFO - Lululemon Product Information Extractor to Excel
2025-12-06 18:48:56,837 - INFO - ============================================================
2025-12-06 18:48:56,837 - INFO - Reading HTML from: /home/theafrazkhan/Desktop/scrappin/backend/data/accessories/oo2vz3qc01.html
2025-12-06 18:48:56,837 - INFO - ✓ Successfully parsed __NEXT_DATA__ JSON
2025-12-06 18:48:56,838 - INFO - ✓ Found product data
2025-12-06 18:48:56,838 - INFO - ⚠ No inventory data found in HTML
2025-12-06 18:48:56,838 - INFO - ⚠ No product image found
2025-12-06 18:48:56,838 - INFO - ⚠ No color swatches found
2025-12-06 18:48:56,838 - INFO -   ✓ Successfully extracted: Define Cropped Jacket *Nulu [Category: accessories]
2025-12-06 18:48:56,838 - INFO - Processing: mc26jbe6ma.html
2025-12-06 18:48:56,839 - INFO - ============================================================
2025-12-06 18:48:56,839 - INFO - Lululemon Product Information Extractor to Excel
2025-12-06 18:48:56,839 - INFO - ============================================================
2025-12-06 18:48:56,839 - INFO - Reading HTML from: /home/theafrazkhan/Desktop/scrappin/backend/data/accessories/mc26jbe6ma.html
2025-12-06 18:48:56,839 - INFO - ✓ Successfully parsed __NEXT_DATA__ JSON
2025-12-06 18:48:56,839 - INFO - ✓ Found product data
2025-12-06 18:48:56,840 - INFO - ⚠ No inventory data found in HTML
2025-12-06 18:48:56,840 - INFO - ⚠ No product image found
2025-12-06 18:48:56,840 - INFO - ⚠ No color swatches found
2025-12-06 18:48:56,840 - INFO -   ✓ Successfully extracted: Cotton Terry Tennis Half Zip [Category: accessories]
2025-12-06 18:48:56,840 - INFO - Processing: fnu1n3t43v.html
2025-12-06 18:48:56,841 - INFO - ============================================================
2025-12-06 18:48:56,841 - INFO - Lululemon Product Information Extractor to Excel
2025-12-06 18:48:56,841 - INFO - ============================================================
2025-12-06 18:48:56,841 - INFO - Reading HTML from: /home/theafrazkhan/Desktop/scrappin/backend/data/accessories/fnu1n3t43v.html
2025-12-06 18:48:56,841 - INFO - ✓ Successfully parsed __NEXT_DATA__ JSON
2025-12-06 18:48:56,841 - INFO - ✓ Found product data
2025-12-06 18:48:56,841 - INFO - ⚠ No inventory data found in HTML
2025-12-06 18:48:56,841 - INFO - ⚠ No product image found
2025-12-06 18:48:56,842 - INFO - ⚠ No color swatches found
2025-12-06 18:48:56,842 - INFO -   ✓ Successfully extracted: Smooth Spacer Jogger *Regular [Category: accessories]
2025-12-06 18:48:56,842 - INFO - Processing: h534b5so2s.html
2025-12-06 18:48:56,842 - INFO - ============================================================
2025-12-06 18:48:56,842 - INFO - Lululemon Product Information Extractor to Excel
2025-12-06 18:48:56,842 - INFO - ============================================================
2025-12-06 18:48:56,842 - INFO - Reading HTML from: /home/theafrazkhan/Desktop/scrappin/backend/data/accessories/h534b5so2s.html
2025-12-06 18:48:56,843 - INFO - ✓ Successfully parsed __NEXT_DATA__ JSON
2025-12-06 18:48:56,843 - INFO - ✓ Found product data
2025-12-06 18:48:56,843 - INFO - ⚠ No inventory data found in HTML
2025-12-06 18:48:56,843 - INFO - ⚠ No product image found
2025-12-06 18:48:56,843 - INFO - ⚠ No color swatches found
2025-12-06 18:48:56,843 - INFO -   ✓ Successfully extracted: Define Cropped Jacket *Herringbone [Category: accessories]
2025-12-06 18:48:56,844 - INFO - Processing: jd2tq0pqw6.html
2025-12-06 18:48:56,844 - INFO - ============================================================
2025-12-06 18:48:56,844 - INFO - Lululemon Product Information Extractor to Excel
2025-12-06 18:48:56,844 - INFO - ============================================================
2025-12-06 18:48:56,844 - INFO - Reading HTML from: /home/theafrazkhan/Desktop/scrappin/backend/data/men/jd2tq0pqw6.html
2025-12-06 18:48:56,844 - INFO - ✓ Successfully parsed __NEXT_DATA__ JSON
2025-12-06 18:48:56,844 - INFO - ✓ Found product data
2025-12-06 18:48:56,845 - INFO - ⚠ No inventory data found in HTML
2025-12-06 18:48:56,845 - INFO - ⚠ No product image found
2025-12-06 18:48:56,845 - INFO - ⚠ No color swatches found
2025-12-06 18:48:56,845 - INFO -   ✓ Successfully extracted: Pace Breaker Linerless Short 7" [Category: men]
2025-12-06 18:48:56,845 - INFO - Processing: s1zlom3wpy.html
2025-12-06 18:48:56,845 - INFO - ============================================================
2025-12-06 18:48:56,846 - INFO - Lululemon Product Information Extractor to Excel
2025-12-06 18:48:56,846 - INFO - ============================================================
2025-12-06 18:48:56,846 - INFO - Reading HTML from: /home/theafrazkhan/Desktop/scrappin/backend/data/men/s1zlom3wpy.html
2025-12-06 18:48:56,846 - INFO - ✓ Successfully parsed __NEXT_DATA__ JSON
2025-12-06 18:48:56,846 - INFO - ✓ Found product data
2025-12-06 18:48:56,846 - INFO - ⚠ No inventory data found in HTML
2025-12-06 18:48:56,847 - INFO - ⚠ No product image found
2025-12-06 18:48:56,847 - INFO - ⚠ No color swatches found
2025-12-06 18:48:56,847 - INFO -   ✓ Successfully extracted: lululemon Align™ Dress [Category: men]
2025-12-06 18:48:56,847 - INFO - Processing: hnsjuvo8dn.html
2025-12-06 18:48:56,847 - INFO - ============================================================
2025-12-06 18:48:56,847 - INFO - Lululemon Product Information Extractor to Excel
2025-12-06 18:48:56,848 - INFO - ============================================================
2025-12-06 18:48:56,848 - INFO - Reading HTML from: /home/theafrazkhan/Desktop/scrappin/backend/data/men/hnsjuvo8dn.html
2025-12-06 18:48:56,848 - INFO - ✓ Successfully parsed __NEXT_DATA__ JSON
2025-12-06 18:48:56,848 - INFO - ✓ Found product data
2025-12-06 18:48:56,848 - INFO - ⚠ No inventory data found in HTML
2025-12-06 18:48:56,848 - INFO - ⚠ No product image found
2025-12-06 18:48:56,849 - INFO - ⚠ No color swatches found
2025-12-06 18:48:56,849 - INFO -   ✓ Successfully extracted: Define Jacket *Nulu [Category: men]
2025-12-06 18:48:56,849 - INFO - Processing: l39b1md52p.html
2025-12-06 18:48:56,849 - INFO - ============================================================
2025-12-06 18:48:56,849 - INFO - Lululemon Product Information Extractor to Excel
2025-12-06 18:48:56,849 - INFO - ============================================================
2025-12-06 18:48:56,849 - INFO - Reading HTML from: /home/theafrazkhan/Desktop/scrappin/backend/data/men/l39b1md52p.html
2025-12-06 18:48:56,850 - INFO - ✓ Successfully parsed __NEXT_DATA__ JSON
2025-12-06 18:48:56,850 - INFO - ✓ Found product data
2025-12-06 18:48:56,850 - INFO - ⚠ No inventory data found in HTML
2025-12-06 18:48:56,850 - INFO - ⚠ No product image found
2025-12-06 18:48:56,850 - INFO - ⚠ No color swatches found
2025-12-06 18:48:56,850 - INFO -   ✓ Successfully extracted: License to Train Jogger *Regular [Category: men]
2025-12-06 18:48:56,850 - INFO - Processing: flm088ugr4.html
2025-12-06 18:48:56,850 - INFO - ============================================================
2025-12-06 18:48:56,851 - INFO - Lululemon Product Information Extractor to Excel
2025-12-06 18:48:56,851 - INFO - ============================================================
2025-12-06 18:48:56,851 - INFO - Reading HTML from: /home/theafrazkhan/Desktop/scrappin/backend/data/men/flm088ugr4.html
2025-12-06 18:48:56,851 - INFO - ✓ Successfully parsed __NEXT_DATA__ JSON
2025-12-06 18:48:56,851 - INFO - ✓ Found product data
2025-12-06 18:48:56,851 - INFO - ⚠ No inventory data found in HTML
2025-12-06 18:48:56,851 - INFO - ⚠ No product image found
2025-12-06 18:48:56,851 - INFO - ⚠ No color swatches found
2025-12-06 18:48:56,852 - INFO -   ✓ Successfully extracted: Pace Breaker Pant *Regular [Category: men]
2025-12-06 18:48:56,852 - INFO - Processing: mi17prdzjn.html
2025-12-06 18:48:56,852 - INFO - ============================================================
2025-12-06 18:48:56,852 - INFO - Lululemon Product Information Extractor to Excel
2025-12-06 18:48:56,852 - INFO - ============================================================
2025-12-06 18:48:56,852 - INFO - Reading HTML from: /home/theafrazkhan/Desktop/scrappin/backend/data/men/mi17prdzjn.html
2025-12-06 18:48:56,852 - INFO - ✓ Successfully parsed __NEXT_DATA__ JSON
2025-12-06 18:48:56,853 - INFO - ✓ Found product data
2025-12-06 18:48:56,853 - INFO - ⚠ No inventory data found in HTML
2025-12-06 18:48:56,853 - INFO - ⚠ No product image found
2025-12-06 18:48:56,853 - INFO - ⚠ No color swatches found
2025-12-06 18:48:56,853 - INFO -   ✓ Successfully extracted: Pace Breaker Linerless Short 5" [Category: men]
2025-12-06 18:48:56,853 - INFO - Processing: yse0idzlrl.html
2025-12-06 18:48:56,853 - INFO - ============================================================
2025-12-06 18:48:56,854 - INFO - Lululemon Product Information Extractor to Excel
2025-12-06 18:48:56,854 - INFO - ============================================================
2025-12-06 18:48:56,854 - INFO - Reading HTML from: /home/theafrazkhan/Desktop/scrappin/backend/data/men/yse0idzlrl.html
2025-12-06 18:48:56,854 - INFO - ✓ Successfully parsed __NEXT_DATA__ JSON
2025-12-06 18:48:56,854 - INFO - ✓ Found product data
2025-12-06 18:48:56,854 - INFO - ⚠ No inventory data found in HTML
2025-12-06 18:48:56,855 - INFO - ⚠ No product image found
2025-12-06 18:48:56,855 - INFO - ⚠ No color swatches found
2025-12-06 18:48:56,855 - INFO -   ✓ Successfully extracted: ABC Jogger *Regular [Category: men]
2025-12-06 18:48:56,855 - INFO - Processing: ov5xe6ce71.html
2025-12-06 18:48:56,855 - INFO - ============================================================
2025-12-06 18:48:56,855 - INFO - Lululemon Product Information Extractor to Excel
2025-12-06 18:48:56,855 - INFO - ============================================================
2025-12-06 18:48:56,856 - INFO - Reading HTML from: /home/theafrazkhan/Desktop/scrappin/backend/data/men/ov5xe6ce71.html
2025-12-06 18:48:56,856 - INFO - ✓ Successfully parsed __NEXT_DATA__ JSON
2025-12-06 18:48:56,856 - INFO - ✓ Found product data
2025-12-06 18:48:56,856 - INFO - ⚠ No inventory data found in HTML
2025-12-06 18:48:56,856 - INFO - ⚠ No product image found
2025-12-06 18:48:56,856 - INFO - ⚠ No color swatches found
2025-12-06 18:48:57,285 - INFO -   ✓ Successfully extracted: Cold Weather Running Half Zip [Category: men]
2025-12-06 18:48:57,285 - INFO - Processing: o33vn871q7.html
2025-12-06 18:48:57,285 - INFO - ============================================================
2025-12-06 18:48:57,285 - INFO - Lululemon Product Information Extractor to Excel
2025-12-06 18:48:57,285 - INFO - ============================================================
2025-12-06 18:48:57,286 - INFO - Reading HTML from: /home/theafrazkhan/Desktop/scrappin/backend/data/men/o33vn871q7.html
2025-12-06 18:48:57,286 - INFO - ✓ Successfully parsed __NEXT_DATA__ JSON
2025-12-06 18:48:57,286 - INFO - ✓ Found product data
2025-12-06 18:48:57,286 - INFO - ⚠ No inventory data found in HTML
2025-12-06 18:48:57,286 - INFO - ⚠ No product image found
2025-12-06 18:48:57,286 - INFO - ⚠ No color swatches found
2025-12-06 18:48:57,286 - INFO -   ✓ Successfully extracted: Brushed Softstreme Half Zip [Category: men]
2025-12-06 18:48:57,287 - INFO - Processing: mu7d0x376w.html
2025-12-06 18:48:57,287 - INFO - ============================================================
2025-12-06 18:48:57,287 - INFO - Lululemon Product Information Extractor to Excel
2025-12-06 18:48:57,287 - INFO - ============================================================
2025-12-06 18:48:57,287 - INFO - Reading HTML from: /home/theafrazkhan/Desktop/scrappin/backend/data/men/mu7d0x376w.html
2025-12-06 18:48:57,287 - INFO - ✓ Successfully parsed __NEXT_DATA__ JSON
2025-12-06 18:48:57,287 - INFO - ✓ Found product data
2025-12-06 18:48:57,287 - INFO - ⚠ No inventory data found in HTML
2025-12-06 18:48:57,288 - INFO - ⚠ No product image found
2025-12-06 18:48:57,288 - INFO - ⚠ No color swatches found
2025-12-06 18:48:57,288 - INFO -   ✓ Successfully extracted: Pace Breaker Jogger *Regular [Category: men]
2025-12-06 18:48:57,288 - INFO - Processing: d279l7o1tv.html
2025-12-06 18:48:57,288 - INFO - ============================================================
2025-12-06 18:48:57,288 - INFO - Lululemon Product Information Extractor to Excel
2025-12-06 18:48:57,288 - INFO - ============================================================
2025-12-06 18:48:57,288 - INFO - Reading HTML from: /home/theafrazkhan/Desktop/scrappin/backend/data/men/d279l7o1tv.html
2025-12-06 18:48:57,288 - INFO - ✓ Successfully parsed __NEXT_DATA__ JSON
2025-12-06 18:48:57,289 - INFO - ✓ Found product data
2025-12-06 18:48:57,289 - INFO - ⚠ No inventory data found in HTML
2025-12-06 18:48:57,289 - INFO - ⚠ No product image found
2025-12-06 18:48:57,289 - INFO - ⚠ No color swatches found
2025-12-06 18:48:57,289 - INFO -   ✓ Successfully extracted: Pace Breaker Lined Short 7" [Category: men]
2025-12-06 18:48:57,289 - INFO - Processing: a9ruj7kk4x.html
2025-12-06 18:48:57,289 - INFO - ============================================================
2025-12-06 18:48:57,289 - INFO - Lululemon Product Information Extractor to Excel
2025-12-06 18:48:57,290 - INFO - ============================================================
2025-12-06 18:48:57,290 - INFO - Reading HTML from: /home/theafrazkhan/Desktop/scrappin/backend/data/men/a9ruj7kk4x.html
2025-12-06 18:48:57,290 - INFO - ✓ Successfully parsed __NEXT_DATA__ JSON
2025-12-06 18:48:57,290 - INFO - ✓ Found product data
2025-12-06 18:48:57,290 - INFO - ⚠ No inventory data found in HTML
2025-12-06 18:48:57,290 - INFO - ⚠ No product image found
2025-12-06 18:48:57,290 - INFO - ⚠ No color swatches found
2025-12-06 18:48:57,291 - INFO -   ✓ Successfully extracted: ABC Slim-Fit Fixed-Waist Jogger *Regular [Category: men]
2025-12-06 18:48:57,291 - INFO - Processing: d7dkzkc4mb.html
2025-12-06 18:48:57,291 - INFO - ============================================================
2025-12-06 18:48:57,291 - INFO - Lululemon Product Information Extractor to Excel
2025-12-06 18:48:57,291 - INFO - ============================================================
2025-12-06 18:48:57,291 - INFO - Reading HTML from: /home/theafrazkhan/Desktop/scrappin/backend/data/men/d7dkzkc4mb.html
2025-12-06 18:48:57,291 - INFO - ✓ Successfully parsed __NEXT_DATA__ JSON
2025-12-06 18:48:57,292 - INFO - ✓ Found product data
2025-12-06 18:48:57,292 - INFO - ⚠ No inventory data found in HTML
2025-12-06 18:48:57,292 - INFO - ⚠ No product image found
2025-12-06 18:48:57,292 - INFO - ⚠ No color swatches found
2025-12-06 18:48:57,292 - INFO -   ✓ Successfully extracted: ABC Jogger Warpstreme *Tall [Category: men]
2025-12-06 18:48:57,293 - INFO - Processing: vd1eldejjq.html
2025-12-06 18:48:57,293 - INFO - ============================================================
2025-12-06 18:48:57,293 - INFO - Lululemon Product Information Extractor to Excel
2025-12-06 18:48:57,293 - INFO - ============================================================
2025-12-06 18:48:57,293 - INFO - Reading HTML from: /home/theafrazkhan/Desktop/scrappin/backend/data/men/vd1eldejjq.html
2025-12-06 18:48:57,293 - INFO - ✓ Successfully parsed __NEXT_DATA__ JSON
2025-12-06 18:48:57,294 - INFO - ✓ Found product data
2025-12-06 18:48:57,294 - INFO - ⚠ No inventory data found in HTML
2025-12-06 18:48:57,294 - INFO - ⚠ No product image found
2025-12-06 18:48:57,294 - INFO - ⚠ No color swatches found
2025-12-06 18:48:57,294 - INFO -   ✓ Successfully extracted: Define Jacket *Luon [Category: men]
2025-12-06 18:48:57,295 - INFO - Processing: v6tla28mp0.html
2025-12-06 18:48:57,295 - INFO - ============================================================
2025-12-06 18:48:57,295 - INFO - Lululemon Product Information Extractor to Excel
2025-12-06 18:48:57,295 - INFO - ============================================================
2025-12-06 18:48:57,295 - INFO - Reading HTML from: /home/theafrazkhan/Desktop/scrappin/backend/data/men/v6tla28mp0.html
2025-12-06 18:48:57,295 - INFO - ✓ Successfully parsed __NEXT_DATA__ JSON
2025-12-06 18:48:57,295 - INFO - ✓ Found product data
2025-12-06 18:48:57,296 - INFO - ⚠ No inventory data found in HTML
2025-12-06 18:48:57,296 - INFO - ⚠ No product image found
2025-12-06 18:48:57,296 - INFO - ⚠ No color swatches found
2025-12-06 18:48:57,296 - INFO -   ✓ Successfully extracted: Soft Jersey Jogger *Regular [Category: men]
2025-12-06 18:48:57,296 - INFO - Processing: bxp4p3wn4r.html
2025-12-06 18:48:57,296 - INFO - ============================================================
2025-12-06 18:48:57,296 - INFO - Lululemon Product Information Extractor to Excel
2025-12-06 18:48:57,297 - INFO - ============================================================
2025-12-06 18:48:57,297 - INFO - Reading HTML from: /home/theafrazkhan/Desktop/scrappin/backend/data/men/bxp4p3wn4r.html
2025-12-06 18:48:57,297 - INFO - ✓ Successfully parsed __NEXT_DATA__ JSON
2025-12-06 18:48:57,297 - INFO - ✓ Found product data
2025-12-06 18:48:57,297 - INFO - ⚠ No inventory data found in HTML
2025-12-06 18:48:57,297 - INFO - ⚠ No product image found
2025-12-06 18:48:57,297 - INFO - ⚠ No color swatches found
2025-12-06 18:48:57,298 - INFO -   ✓ Successfully extracted: Define Jacket Nulu *Flocked [Category: men]
2025-12-06 18:48:57,298 - INFO - Processing: g2faof1o98.html
2025-12-06 18:48:57,298 - INFO - ============================================================
2025-12-06 18:48:57,298 - INFO - Lululemon Product Information Extractor to Excel
2025-12-06 18:48:57,298 - INFO - ============================================================
2025-12-06 18:48:57,298 - INFO - Reading HTML from: /home/theafrazkhan/Desktop/scrappin/backend/data/men/g2faof1o98.html
2025-12-06 18:48:57,299 - INFO - ✓ Successfully parsed __NEXT_DATA__ JSON
2025-12-06 18:48:57,299 - INFO - ✓ Found product data
2025-12-06 18:48:57,299 - INFO - ⚠ No inventory data found in HTML
2025-12-06 18:48:57,299 - INFO - ⚠ No product image found
2025-12-06 18:48:57,299 - INFO - ⚠ No color swatches found
2025-12-06 18:48:57,299 - INFO -   ✓ Successfully extracted: Ebb to Street Cropped Racerback Tank Top *Light Support, B/C Cup [Category: men]
2025-12-06 18:48:57,299 - INFO - Processing: ccjxzqin3c.html
2025-12-06 18:48:57,300 - INFO - ============================================================
2025-12-06 18:48:57,300 - INFO - Lululemon Product Information Extractor to Excel
2025-12-06 18:48:57,300 - INFO - ============================================================
2025-12-06 18:48:57,300 - INFO - Reading HTML from: /home/theafrazkhan/Desktop/scrappin/backend/data/men/ccjxzqin3c.html
2025-12-06 18:48:57,300 - INFO - ✓ Successfully parsed __NEXT_DATA__ JSON
2025-12-06 18:48:57,301 - INFO - ✓ Found product data
2025-12-06 18:48:57,301 - INFO - ⚠ No inventory data found in HTML
2025-12-06 18:48:57,301 - INFO - ⚠ No product image found
2025-12-06 18:48:57,301 - INFO - ⚠ No color swatches found
2025-12-06 18:48:57,301 - INFO -   ✓ Successfully extracted: Pack It Down Vest [Category: men]
2025-12-06 18:48:57,301 - INFO - Processing: oo2vz3qc01.html
2025-12-06 18:48:57,302 - INFO - ============================================================
2025-12-06 18:48:57,302 - INFO - Lululemon Product Information Extractor to Excel
2025-12-06 18:48:57,302 - INFO - ============================================================
2025-12-06 18:48:57,302 - INFO - Reading HTML from: /home/theafrazkhan/Desktop/scrappin/backend/data/men/oo2vz3qc01.html
2025-12-06 18:48:57,302 - INFO - ✓ Successfully parsed __NEXT_DATA__ JSON
2025-12-06 18:48:57,302 - INFO - ✓ Found product data
2025-12-06 18:48:57,303 - INFO - ⚠ No inventory data found in HTML
2025-12-06 18:48:57,303 - INFO - ⚠ No product image found
2025-12-06 18:48:57,303 - INFO - ⚠ No color swatches found
2025-12-06 18:48:57,303 - INFO -   ✓ Successfully extracted: Define Cropped Jacket *Nulu [Category: men]
2025-12-06 18:48:57,303 - INFO - Processing: mc26jbe6ma.html
2025-12-06 18:48:57,303 - INFO - ============================================================
2025-12-06 18:48:57,304 - INFO - Lululemon Product Information Extractor to Excel
2025-12-06 18:48:57,304 - INFO - ============================================================
2025-12-06 18:48:57,304 - INFO - Reading HTML from: /home/theafrazkhan/Desktop/scrappin/backend/data/men/mc26jbe6ma.html
2025-12-06 18:48:57,304 - INFO - ✓ Successfully parsed __NEXT_DATA__ JSON
2025-12-06 18:48:57,304 - INFO - ✓ Found product data
2025-12-06 18:48:57,304 - INFO - ⚠ No inventory data found in HTML
2025-12-06 18:48:57,305 - INFO - ⚠ No product image found
2025-12-06 18:48:57,305 - INFO - ⚠ No color swatches found
2025-12-06 18:48:57,305 - INFO -   ✓ Successfully extracted: Cotton Terry Tennis Half Zip [Category: men]
2025-12-06 18:48:57,305 - INFO - Processing: fnu1n3t43v.html
2025-12-06 18:48:57,305 - INFO - ============================================================
2025-12-06 18:48:57,305 - INFO - Lululemon Product Information Extractor to Excel
2025-12-06 18:48:57,306 - INFO - ============================================================
2025-12-06 18:48:57,306 - INFO - Reading HTML from: /home/theafrazkhan/Desktop/scrappin/backend/data/men/fnu1n3t43v.html
2025-12-06 18:48:57,306 - INFO - ✓ Successfully parsed __NEXT_DATA__ JSON
2025-12-06 18:48:57,306 - INFO - ✓ Found product data
2025-12-06 18:48:57,306 - INFO - ⚠ No inventory data found in HTML
2025-12-06 18:48:57,306 - INFO - ⚠ No product image found
2025-12-06 18:48:57,307 - INFO - ⚠ No color swatches found
2025-12-06 18:48:57,307 - INFO -   ✓ Successfully extracted: Smooth Spacer Jogger *Regular [Category: men]
2025-12-06 18:48:57,307 - INFO - Processing: h534b5so2s.html
2025-12-06 18:48:57,307 - INFO - ============================================================
2025-12-06 18:48:57,307 - INFO - Lululemon Product Information Extractor to Excel
2025-12-06 18:48:57,307 - INFO - ============================================================
2025-12-06 18:48:57,308 - INFO - Reading HTML from: /home/theafrazkhan/Desktop/scrappin/backend/data/men/h534b5so2s.html
2025-12-06 18:48:57,308 - INFO - ✓ Successfully parsed __NEXT_DATA__ JSON
2025-12-06 18:48:57,308 - INFO - ✓ Found product data
2025-12-06 18:48:57,308 - INFO - ⚠ No inventory data found in HTML
2025-12-06 18:48:57,308 - INFO - ⚠ No product image found
2025-12-06 18:48:57,308 - INFO - ⚠ No color swatches found
2025-12-06 18:48:57,309 - INFO -   ✓ Successfully extracted: Define Cropped Jacket *Herringbone [Category: men]
2025-12-06 18:48:57,309 - INFO - Processing: jd2tq0pqw6.html
2025-12-06 18:48:57,309 - INFO - ============================================================
2025-12-06 18:48:57,309 - INFO - Lululemon Product Information Extractor to Excel
2025-12-06 18:48:57,309 - INFO - ============================================================
2025-12-06 18:48:57,309 - INFO - Reading HTML from: /home/theafrazkhan/Desktop/scrappin/backend/data/women/jd2tq0pqw6.html
2025-12-06 18:48:57,310 - INFO - ✓ Successfully parsed __NEXT_DATA__ JSON
2025-12-06 18:48:57,310 - INFO - ✓ Found product data
2025-12-06 18:48:57,310 - INFO - ⚠ No inventory data found in HTML
2025-12-06 18:48:57,310 - INFO - ⚠ No product image found
2025-12-06 18:48:57,310 - INFO - ⚠ No color swatches found
2025-12-06 18:48:57,310 - INFO -   ✓ Successfully extracted: Pace Breaker Linerless Short 7" [Category: women]
2025-12-06 18:48:57,311 - INFO - Processing: s1zlom3wpy.html
2025-12-06 18:48:57,311 - INFO - ============================================================
2025-12-06 18:48:57,311 - INFO - Lululemon Product Information Extractor to Excel
2025-12-06 18:48:57,311 - INFO - ============================================================
2025-12-06 18:48:57,654 - INFO - Reading HTML from: /home/theafrazkhan/Desktop/scrappin/backend/data/women/s1zlom3wpy.html
2025-12-06 18:48:57,654 - INFO - ✓ Successfully parsed __NEXT_DATA__ JSON
2025-12-06 18:48:57,655 - INFO - ✓ Found product data
2025-12-06 18:48:57,655 - INFO - ⚠ No inventory data found in HTML
2025-12-06 18:48:57,655 - INFO - ⚠ No product image found
2025-12-06 18:48:57,655 - INFO - ⚠ No color swatches found
2025-12-06 18:48:57,655 - INFO -   ✓ Successfully extracted: lululemon Align™ Dress [Category: women]
2025-12-06 18:48:57,655 - INFO - Processing: hnsjuvo8dn.html
2025-12-06 18:48:57,655 - INFO - ============================================================
2025-12-06 18:48:57,655 - INFO - Lululemon Product Information Extractor to Excel
2025-12-06 18:48:57,655 - INFO - ============================================================
2025-12-06 18:48:57,655 - INFO - Reading HTML from: /home/theafrazkhan/Desktop/scrappin/backend/data/women/hnsjuvo8dn.html
2025-12-06 18:48:57,656 - INFO - ✓ Successfully parsed __NEXT_DATA__ JSON
2025-12-06 18:48:57,656 - INFO - ✓ Found product data
2025-12-06 18:48:57,656 - INFO - ⚠ No inventory data found in HTML
2025-12-06 18:48:57,656 - INFO - ⚠ No product image found
2025-12-06 18:48:57,656 - INFO - ⚠ No color swatches found
2025-12-06 18:48:57,656 - INFO -   ✓ Successfully extracted: Define Jacket *Nulu [Category: women]
2025-12-06 18:48:57,656 - INFO - Processing: l39b1md52p.html
2025-12-06 18:48:57,656 - INFO - ============================================================
2025-12-06 18:48:57,657 - INFO - Lululemon Product Information Extractor to Excel
2025-12-06 18:48:57,657 - INFO - ============================================================
2025-12-06 18:48:57,657 - INFO - Reading HTML from: /home/theafrazkhan/Desktop/scrappin/backend/data/women/l39b1md52p.html
2025-12-06 18:48:57,657 - INFO - ✓ Successfully parsed __NEXT_DATA__ JSON
2025-12-06 18:48:57,657 - INFO - ✓ Found product data
2025-12-06 18:48:57,657 - INFO - ⚠ No inventory data found in HTML
2025-12-06 18:48:57,657 - INFO - ⚠ No product image found
2025-12-06 18:48:57,658 - INFO - ⚠ No color swatches found
2025-12-06 18:48:57,658 - INFO -   ✓ Successfully extracted: License to Train Jogger *Regular [Category: women]
2025-12-06 18:48:57,658 - INFO - Processing: flm088ugr4.html
2025-12-06 18:48:57,658 - INFO - ============================================================
2025-12-06 18:48:57,658 - INFO - Lululemon Product Information Extractor to Excel
2025-12-06 18:48:57,659 - INFO - ============================================================
2025-12-06 18:48:57,659 - INFO - Reading HTML from: /home/theafrazkhan/Desktop/scrappin/backend/data/women/flm088ugr4.html
2025-12-06 18:48:57,659 - INFO - ✓ Successfully parsed __NEXT_DATA__ JSON
2025-12-06 18:48:57,659 - INFO - ✓ Found product data
2025-12-06 18:48:57,659 - INFO - ⚠ No inventory data found in HTML
2025-12-06 18:48:57,660 - INFO - ⚠ No product image found
2025-12-06 18:48:57,660 - INFO - ⚠ No color swatches found
2025-12-06 18:48:57,660 - INFO -   ✓ Successfully extracted: Pace Breaker Pant *Regular [Category: women]
2025-12-06 18:48:57,660 - INFO - Processing: mi17prdzjn.html
2025-12-06 18:48:57,660 - INFO - ============================================================
2025-12-06 18:48:57,661 - INFO - Lululemon Product Information Extractor to Excel
2025-12-06 18:48:57,661 - INFO - ============================================================
2025-12-06 18:48:57,661 - INFO - Reading HTML from: /home/theafrazkhan/Desktop/scrappin/backend/data/women/mi17prdzjn.html
2025-12-06 18:48:57,661 - INFO - ✓ Successfully parsed __NEXT_DATA__ JSON
2025-12-06 18:48:57,661 - INFO - ✓ Found product data
2025-12-06 18:48:57,661 - INFO - ⚠ No inventory data found in HTML
2025-12-06 18:48:57,662 - INFO - ⚠ No product image found
2025-12-06 18:48:57,662 - INFO - ⚠ No color swatches found
2025-12-06 18:48:57,662 - INFO -   ✓ Successfully extracted: Pace Breaker Linerless Short 5" [Category: women]
2025-12-06 18:48:57,662 - INFO - Processing: yse0idzlrl.html
2025-12-06 18:48:57,662 - INFO - ============================================================
2025-12-06 18:48:57,662 - INFO - Lululemon Product Information Extractor to Excel
2025-12-06 18:48:57,662 - INFO - ============================================================
2025-12-06 18:48:57,662 - INFO - Reading HTML from: /home/theafrazkhan/Desktop/scrappin/backend/data/women/yse0idzlrl.html
2025-12-06 18:48:57,663 - INFO - ✓ Successfully parsed __NEXT_DATA__ JSON
2025-12-06 18:48:57,663 - INFO - ✓ Found product data
2025-12-06 18:48:57,663 - INFO - ⚠ No inventory data found in HTML
2025-12-06 18:48:57,663 - INFO - ⚠ No product image found
2025-12-06 18:48:57,663 - INFO - ⚠ No color swatches found
2025-12-06 18:48:57,664 - INFO -   ✓ Successfully extracted: ABC Jogger *Regular [Category: women]
2025-12-06 18:48:57,664 - INFO - Processing: ov5xe6ce71.html
2025-12-06 18:48:57,664 - INFO - ============================================================
2025-12-06 18:48:57,664 - INFO - Lululemon Product Information Extractor to Excel
2025-12-06 18:48:57,664 - INFO - ============================================================
2025-12-06 18:48:57,664 - INFO - Reading HTML from: /home/theafrazkhan/Desktop/scrappin/backend/data/women/ov5xe6ce71.html
2025-12-06 18:48:57,664 - INFO - ✓ Successfully parsed __NEXT_DATA__ JSON
2025-12-06 18:48:57,665 - INFO - ✓ Found product data
2025-12-06 18:48:57,665 - INFO - ⚠ No inventory data found in HTML
2025-12-06 18:48:57,665 - INFO - ⚠ No product image found
2025-12-06 18:48:57,665 - INFO - ⚠ No color swatches found
2025-12-06 18:48:57,665 - INFO -   ✓ Successfully extracted: Cold Weather Running Half Zip [Category: women]
2025-12-06 18:48:57,665 - INFO - Processing: o33vn871q7.html
2025-12-06 18:48:57,665 - INFO - ============================================================
2025-12-06 18:48:57,665 - INFO - Lululemon Product Information Extractor to Excel
2025-12-06 18:48:57,666 - INFO - ============================================================
2025-12-06 18:48:57,666 - INFO - Reading HTML from: /home/theafrazkhan/Desktop/scrappin/backend/data/women/o33vn871q7.html
2025-12-06 18:48:57,666 - INFO - ✓ Successfully parsed __NEXT_DATA__ JSON
2025-12-06 18:48:57,666 - INFO - ✓ Found product data
2025-12-06 18:48:57,666 - INFO - ⚠ No inventory data found in HTML
2025-12-06 18:48:57,666 - INFO - ⚠ No product image found
2025-12-06 18:48:57,666 - INFO - ⚠ No color swatches found
2025-12-06 18:48:57,667 - INFO -   ✓ Successfully extracted: Brushed Softstreme Half Zip [Category: women]
2025-12-06 18:48:57,667 - INFO - Processing: mu7d0x376w.html
2025-12-06 18:48:57,667 - INFO - ============================================================
2025-12-06 18:48:57,667 - INFO - Lululemon Product Information Extractor to Excel
2025-12-06 18:48:57,667 - INFO - ============================================================
2025-12-06 18:48:57,667 - INFO - Reading HTML from: /home/theafrazkhan/Desktop/scrappin/backend/data/women/mu7d0x376w.html
2025-12-06 18:48:57,668 - INFO - ✓ Successfully parsed __NEXT_DATA__ JSON
2025-12-06 18:48:57,668 - INFO - ✓ Found product data
2025-12-06 18:48:57,668 - INFO - ⚠ No inventory data found in HTML
2025-12-06 18:48:57,668 - INFO - ⚠ No product image found
2025-12-06 18:48:57,668 - INFO - ⚠ No color swatches found
2025-12-06 18:48:57,669 - INFO -   ✓ Successfully extracted: Pace Breaker Jogger *Regular [Category: women]
2025-12-06 18:48:57,669 - INFO - Processing: d279l7o1tv.html
2025-12-06 18:48:57,669 - INFO - ============================================================
2025-12-06 18:48:57,669 - INFO - Lululemon Product Information Extractor to Excel
2025-12-06 18:48:57,669 - INFO - ============================================================
2025-12-06 18:48:57,670 - INFO - Reading HTML from: /home/theafrazkhan/Desktop/scrappin/backend/data/women/d279l7o1tv.html
2025-12-06 18:48:57,670 - INFO - ✓ Successfully parsed __NEXT_DATA__ JSON
2025-12-06 18:48:57,670 - INFO - ✓ Found product data
2025-12-06 18:48:57,670 - INFO - ⚠ No inventory data found in HTML
2025-12-06 18:48:57,670 - INFO - ⚠ No product image found
2025-12-06 18:48:57,670 - INFO - ⚠ No color swatches found
2025-12-06 18:48:57,670 - INFO -   ✓ Successfully extracted: Pace Breaker Lined Short 7" [Category: women]
2025-12-06 18:48:57,671 - INFO - Processing: a9ruj7kk4x.html
2025-12-06 18:48:57,671 - INFO - ============================================================
2025-12-06 18:48:57,671 - INFO - Lululemon Product Information Extractor to Excel
2025-12-06 18:48:57,671 - INFO - ============================================================
2025-12-06 18:48:57,671 - INFO - Reading HTML from: /home/theafrazkhan/Desktop/scrappin/backend/data/women/a9ruj7kk4x.html
2025-12-06 18:48:57,672 - INFO - ✓ Successfully parsed __NEXT_DATA__ JSON
2025-12-06 18:48:57,672 - INFO - ✓ Found product data
2025-12-06 18:48:57,672 - INFO - ⚠ No inventory data found in HTML
2025-12-06 18:48:57,672 - INFO - ⚠ No product image found
2025-12-06 18:48:57,672 - INFO - ⚠ No color swatches found
2025-12-06 18:48:57,673 - INFO -   ✓ Successfully extracted: ABC Slim-Fit Fixed-Waist Jogger *Regular [Category: women]
2025-12-06 18:48:57,673 - INFO - Processing: d7dkzkc4mb.html
2025-12-06 18:48:57,673 - INFO - ============================================================
2025-12-06 18:48:57,673 - INFO - Lululemon Product Information Extractor to Excel
2025-12-06 18:48:57,673 - INFO - ============================================================
2025-12-06 18:48:57,674 - INFO - Reading HTML from: /home/theafrazkhan/Desktop/scrappin/backend/data/women/d7dkzkc4mb.html
2025-12-06 18:48:57,674 - INFO - ✓ Successfully parsed __NEXT_DATA__ JSON
2025-12-06 18:48:57,674 - INFO - ✓ Found product data
2025-12-06 18:48:57,674 - INFO - ⚠ No inventory data found in HTML
2025-12-06 18:48:57,674 - INFO - ⚠ No product image found
2025-12-06 18:48:57,674 - INFO - ⚠ No color swatches found
2025-12-06 18:48:57,675 - INFO -   ✓ Successfully extracted: ABC Jogger Warpstreme *Tall [Category: women]
2025-12-06 18:48:57,675 - INFO - Processing: vd1eldejjq.html
2025-12-06 18:48:57,675 - INFO - ============================================================
2025-12-06 18:48:57,675 - INFO - Lululemon Product Information Extractor to Excel
2025-12-06 18:48:57,675 - INFO - ============================================================
2025-12-06 18:48:57,675 - INFO - Reading HTML from: /home/theafrazkhan/Desktop/scrappin/backend/data/women/vd1eldejjq.html
2025-12-06 18:48:57,676 - INFO - ✓ Successfully parsed __NEXT_DATA__ JSON
2025-12-06 18:48:57,676 - INFO - ✓ Found product data
2025-12-06 18:48:57,676 - INFO - ⚠ No inventory data found in HTML
2025-12-06 18:48:57,676 - INFO - ⚠ No product image found
2025-12-06 18:48:57,676 - INFO - ⚠ No color swatches found
2025-12-06 18:48:57,676 - INFO -   ✓ Successfully extracted: Define Jacket *Luon [Category: women]
2025-12-06 18:48:57,677 - INFO - Processing: v6tla28mp0.html
2025-12-06 18:48:57,677 - INFO - ============================================================
2025-12-06 18:48:57,677 - INFO - Lululemon Product Information Extractor to Excel
2025-12-06 18:48:57,677 - INFO - ============================================================
2025-12-06 18:48:57,677 - INFO - Reading HTML from: /home/theafrazkhan/Desktop/scrappin/backend/data/women/v6tla28mp0.html
2025-12-06 18:48:57,678 - INFO - ✓ Successfully parsed __NEXT_DATA__ JSON
2025-12-06 18:48:57,678 - INFO - ✓ Found product data
2025-12-06 18:48:57,678 - INFO - ⚠ No inventory data found in HTML
2025-12-06 18:48:57,678 - INFO - ⚠ No product image found
2025-12-06 18:48:57,678 - INFO - ⚠ No color swatches found
2025-12-06 18:48:57,679 - INFO -   ✓ Successfully extracted: Soft Jersey Jogger *Regular [Category: women]
2025-12-06 18:48:57,679 - INFO - Processing: bxp4p3wn4r.html
2025-12-06 18:48:57,679 - INFO - ============================================================
2025-12-06 18:48:57,679 - INFO - Lululemon Product Information Extractor to Excel
2025-12-06 18:48:57,679 - INFO - ============================================================
2025-12-06 18:48:57,679 - INFO - Reading HTML from: /home/theafrazkhan/Desktop/scrappin/backend/data/women/bxp4p3wn4r.html
2025-12-06 18:48:57,680 - INFO - ✓ Successfully parsed __NEXT_DATA__ JSON
2025-12-06 18:48:57,680 - INFO - ✓ Found product data
2025-12-06 18:48:57,680 - INFO - ⚠ No inventory data found in HTML
2025-12-06 18:48:57,680 - INFO - ⚠ No product image found
2025-12-06 18:48:57,680 - INFO - ⚠ No color swatches found
2025-12-06 18:48:57,680 - INFO -   ✓ Successfully extracted: Define Jacket Nulu *Flocked [Category: women]
2025-12-06 18:48:57,681 - INFO - Processing: g2faof1o98.html
2025-12-06 18:48:57,681 - INFO - ============================================================
2025-12-06 18:48:57,681 - INFO - Lululemon Product Information Extractor to Excel
2025-12-06 18:48:57,681 - INFO - ============================================================
2025-12-06 18:48:57,681 - INFO - Reading HTML from: /home/theafrazkhan/Desktop/scrappin/backend/data/women/g2faof1o98.html
2025-12-06 18:48:57,681 - INFO - ✓ Successfully parsed __NEXT_DATA__ JSON
2025-12-06 18:48:57,682 - INFO - ✓ Found product data
2025-12-06 18:48:57,682 - INFO - ⚠ No inventory data found in HTML
2025-12-06 18:48:57,682 - INFO - ⚠ No product image found
2025-12-06 18:48:57,682 - INFO - ⚠ No color swatches found
2025-12-06 18:48:58,107 - INFO -   ✓ Successfully extracted: Ebb to Street Cropped Racerback Tank Top *Light Support, B/C Cup [Category: women]
2025-12-06 18:48:58,107 - INFO - Processing: ccjxzqin3c.html
2025-12-06 18:48:58,107 - INFO - ============================================================
2025-12-06 18:48:58,107 - INFO - Lululemon Product Information Extractor to Excel
2025-12-06 18:48:58,107 - INFO - ============================================================
2025-12-06 18:48:58,107 - INFO - Reading HTML from: /home/theafrazkhan/Desktop/scrappin/backend/data/women/ccjxzqin3c.html
2025-12-06 18:48:58,108 - INFO - ✓ Successfully parsed __NEXT_DATA__ JSON
2025-12-06 18:48:58,108 - INFO - ✓ Found product data
2025-12-06 18:48:58,108 - INFO - ⚠ No inventory data found in HTML
2025-12-06 18:48:58,108 - INFO - ⚠ No product image found
2025-12-06 18:48:58,108 - INFO - ⚠ No color swatches found
2025-12-06 18:48:58,108 - INFO -   ✓ Successfully extracted: Pack It Down Vest [Category: women]
2025-12-06 18:48:58,108 - INFO - Processing: oo2vz3qc01.html
2025-12-06 18:48:58,109 - INFO - ============================================================
2025-12-06 18:48:58,109 - INFO - Lululemon Product Information Extractor to Excel
2025-12-06 18:48:58,109 - INFO - ============================================================
2025-12-06 18:48:58,109 - INFO - Reading HTML from: /home/theafrazkhan/Desktop/scrappin/backend/data/women/oo2vz3qc01.html
2025-12-06 18:48:58,109 - INFO - ✓ Successfully parsed __NEXT_DATA__ JSON
2025-12-06 18:48:58,110 - INFO - ✓ Found product data
2025-12-06 18:48:58,110 - INFO - ⚠ No inventory data found in HTML
2025-12-06 18:48:58,110 - INFO - ⚠ No product image found
2025-12-06 18:48:58,110 - INFO - ⚠ No color swatches found
2025-12-06 18:48:58,110 - INFO -   ✓ Successfully extracted: Define Cropped Jacket *Nulu [Category: women]
2025-12-06 18:48:58,111 - INFO - Processing: mc26jbe6ma.html
2025-12-06 18:48:58,111 - INFO - ============================================================
2025-12-06 18:48:58,111 - INFO - Lululemon Product Information Extractor to Excel
2025-12-06 18:48:58,111 - INFO - ============================================================
2025-12-06 18:48:58,111 - INFO - Reading HTML from: /home/theafrazkhan/Desktop/scrappin/backend/data/women/mc26jbe6ma.html
2025-12-06 18:48:58,111 - INFO - ✓ Successfully parsed __NEXT_DATA__ JSON
2025-12-06 18:48:58,111 - INFO - ✓ Found product data
2025-12-06 18:48:58,112 - INFO - ⚠ No inventory data found in HTML
2025-12-06 18:48:58,112 - INFO - ⚠ No product image found
2025-12-06 18:48:58,112 - INFO - ⚠ No color swatches found
2025-12-06 18:48:58,112 - INFO -   ✓ Successfully extracted: Cotton Terry Tennis Half Zip [Category: women]
2025-12-06 18:48:58,112 - INFO - Processing: fnu1n3t43v.html
2025-12-06 18:48:58,112 - INFO - ============================================================
2025-12-06 18:48:58,113 - INFO - Lululemon Product Information Extractor to Excel
2025-12-06 18:48:58,113 - INFO - ============================================================
2025-12-06 18:48:58,113 - INFO - Reading HTML from: /home/theafrazkhan/Desktop/scrappin/backend/data/women/fnu1n3t43v.html
2025-12-06 18:48:58,113 - INFO - ✓ Successfully parsed __NEXT_DATA__ JSON
2025-12-06 18:48:58,113 - INFO - ✓ Found product data
2025-12-06 18:48:58,113 - INFO - ⚠ No inventory data found in HTML
2025-12-06 18:48:58,114 - INFO - ⚠ No product image found
2025-12-06 18:48:58,114 - INFO - ⚠ No color swatches found
2025-12-06 18:48:58,114 - INFO -   ✓ Successfully extracted: Smooth Spacer Jogger *Regular [Category: women]
2025-12-06 18:48:58,114 - INFO - Processing: h534b5so2s.html
2025-12-06 18:48:58,114 - INFO - ============================================================
2025-12-06 18:48:58,114 - INFO - Lululemon Product Information Extractor to Excel
2025-12-06 18:48:58,114 - INFO - ============================================================
2025-12-06 18:48:58,115 - INFO - Reading HTML from: /home/theafrazkhan/Desktop/scrappin/backend/data/women/h534b5so2s.html
2025-12-06 18:48:58,115 - INFO - ✓ Successfully parsed __NEXT_DATA__ JSON
2025-12-06 18:48:58,115 - INFO - ✓ Found product data
2025-12-06 18:48:58,115 - INFO - ⚠ No inventory data found in HTML
2025-12-06 18:48:58,115 - INFO - ⚠ No product image found
2025-12-06 18:48:58,115 - INFO - ⚠ No color swatches found
2025-12-06 18:48:58,115 - INFO -   ✓ Successfully extracted: Define Cropped Jacket *Herringbone [Category: women]
2025-12-06 18:48:58,116 - INFO - Processing: jd2tq0pqw6.html
2025-12-06 18:48:58,116 - INFO - ============================================================
2025-12-06 18:48:58,116 - INFO - Lululemon Product Information Extractor to Excel
2025-12-06 18:48:58,116 - INFO - ============================================================
2025-12-06 18:48:58,116 - INFO - Reading HTML from: /home/theafrazkhan/Desktop/scrappin/backend/data/supplies/jd2tq0pqw6.html
2025-12-06 18:48:58,116 - INFO - ✓ Successfully parsed __NEXT_DATA__ JSON
2025-12-06 18:48:58,116 - INFO - ✓ Found product data
2025-12-06 18:48:58,117 - INFO - ⚠ No inventory data found in HTML
2025-12-06 18:48:58,117 - INFO - ⚠ No product image found
2025-12-06 18:48:58,117 - INFO - ⚠ No color swatches found
2025-12-06 18:48:58,117 - INFO -   ✓ Successfully extracted: Pace Breaker Linerless Short 7" [Category: supplies]
2025-12-06 18:48:58,117 - INFO - Processing: s1zlom3wpy.html
2025-12-06 18:48:58,117 - INFO - ============================================================
2025-12-06 18:48:58,118 - INFO - Lululemon Product Information Extractor to Excel
2025-12-06 18:48:58,118 - INFO - ============================================================
2025-12-06 18:48:58,118 - INFO - Reading HTML from: /home/theafrazkhan/Desktop/scrappin/backend/data/supplies/s1zlom3wpy.html
2025-12-06 18:48:58,118 - INFO - ✓ Successfully parsed __NEXT_DATA__ JSON
2025-12-06 18:48:58,118 - INFO - ✓ Found product data
2025-12-06 18:48:58,118 - INFO - ⚠ No inventory data found in HTML
2025-12-06 18:48:58,118 - INFO - ⚠ No product image found
2025-12-06 18:48:58,119 - INFO - ⚠ No color swatches found
2025-12-06 18:48:58,119 - INFO -   ✓ Successfully extracted: lululemon Align™ Dress [Category: supplies]
2025-12-06 18:48:58,119 - INFO - Processing: hnsjuvo8dn.html
2025-12-06 18:48:58,119 - INFO - ============================================================
2025-12-06 18:48:58,119 - INFO - Lululemon Product Information Extractor to Excel
2025-12-06 18:48:58,119 - INFO - ============================================================
2025-12-06 18:48:58,119 - INFO - Reading HTML from: /home/theafrazkhan/Desktop/scrappin/backend/data/supplies/hnsjuvo8dn.html
2025-12-06 18:48:58,120 - INFO - ✓ Successfully parsed __NEXT_DATA__ JSON
2025-12-06 18:48:58,120 - INFO - ✓ Found product data
2025-12-06 18:48:58,120 - INFO - ⚠ No inventory data found in HTML
2025-12-06 18:48:58,120 - INFO - ⚠ No product image found
2025-12-06 18:48:58,120 - INFO - ⚠ No color swatches found
2025-12-06 18:48:58,120 - INFO -   ✓ Successfully extracted: Define Jacket *Nulu [Category: supplies]
2025-12-06 18:48:58,120 - INFO - Processing: l39b1md52p.html
2025-12-06 18:48:58,121 - INFO - ============================================================
2025-12-06 18:48:58,121 - INFO - Lululemon Product Information Extractor to Excel
2025-12-06 18:48:58,121 - INFO - ============================================================
2025-12-06 18:48:58,121 - INFO - Reading HTML from: /home/theafrazkhan/Desktop/scrappin/backend/data/supplies/l39b1md52p.html
2025-12-06 18:48:58,121 - INFO - ✓ Successfully parsed __NEXT_DATA__ JSON
2025-12-06 18:48:58,122 - INFO - ✓ Found product data
2025-12-06 18:48:58,122 - INFO - ⚠ No inventory data found in HTML
2025-12-06 18:48:58,122 - INFO - ⚠ No product image found
2025-12-06 18:48:58,122 - INFO - ⚠ No color swatches found
2025-12-06 18:48:58,122 - INFO -   ✓ Successfully extracted: License to Train Jogger *Regular [Category: supplies]
2025-12-06 18:48:58,122 - INFO - Processing: flm088ugr4.html
2025-12-06 18:48:58,122 - INFO - ============================================================
2025-12-06 18:48:58,123 - INFO - Lululemon Product Information Extractor to Excel
2025-12-06 18:48:58,123 - INFO - ============================================================
2025-12-06 18:48:58,123 - INFO - Reading HTML from: /home/theafrazkhan/Desktop/scrappin/backend/data/supplies/flm088ugr4.html
2025-12-06 18:48:58,123 - INFO - ✓ Successfully parsed __NEXT_DATA__ JSON
2025-12-06 18:48:58,123 - INFO - ✓ Found product data
2025-12-06 18:48:58,123 - INFO - ⚠ No inventory data found in HTML
2025-12-06 18:48:58,123 - INFO - ⚠ No product image found
2025-12-06 18:48:58,124 - INFO - ⚠ No color swatches found
2025-12-06 18:48:58,124 - INFO -   ✓ Successfully extracted: Pace Breaker Pant *Regular [Category: supplies]
2025-12-06 18:48:58,124 - INFO - Processing: mi17prdzjn.html
2025-12-06 18:48:58,124 - INFO - ============================================================
2025-12-06 18:48:58,124 - INFO - Lululemon Product Information Extractor to Excel
2025-12-06 18:48:58,124 - INFO - ============================================================
2025-12-06 18:48:58,125 - INFO - Reading HTML from: /home/theafrazkhan/Desktop/scrappin/backend/data/supplies/mi17prdzjn.html
2025-12-06 18:48:58,125 - INFO - ✓ Successfully parsed __NEXT_DATA__ JSON
2025-12-06 18:48:58,125 - INFO - ✓ Found product data
2025-12-06 18:48:58,125 - INFO - ⚠ No inventory data found in HTML
2025-12-06 18:48:58,125 - INFO - ⚠ No product image found
2025-12-06 18:48:58,125 - INFO - ⚠ No color swatches found
2025-12-06 18:48:58,126 - INFO -   ✓ Successfully extracted: Pace Breaker Linerless Short 5" [Category: supplies]
2025-12-06 18:48:58,126 - INFO - Processing: yse0idzlrl.html
2025-12-06 18:48:58,126 - INFO - ============================================================
2025-12-06 18:48:58,126 - INFO - Lululemon Product Information Extractor to Excel
2025-12-06 18:48:58,126 - INFO - ============================================================
2025-12-06 18:48:58,126 - INFO - Reading HTML from: /home/theafrazkhan/Desktop/scrappin/backend/data/supplies/yse0idzlrl.html
2025-12-06 18:48:58,127 - INFO - ✓ Successfully parsed __NEXT_DATA__ JSON
2025-12-06 18:48:58,127 - INFO - ✓ Found product data
2025-12-06 18:48:58,127 - INFO - ⚠ No inventory data found in HTML
2025-12-06 18:48:58,127 - INFO - ⚠ No product image found
2025-12-06 18:48:58,127 - INFO - ⚠ No color swatches found
2025-12-06 18:48:58,127 - INFO -   ✓ Successfully extracted: ABC Jogger *Regular [Category: supplies]
2025-12-06 18:48:58,127 - INFO - Processing: ov5xe6ce71.html
2025-12-06 18:48:58,128 - INFO - ============================================================
2025-12-06 18:48:58,128 - INFO - Lululemon Product Information Extractor to Excel
2025-12-06 18:48:58,128 - INFO - ============================================================
2025-12-06 18:48:58,128 - INFO - Reading HTML from: /home/theafrazkhan/Desktop/scrappin/backend/data/supplies/ov5xe6ce71.html
2025-12-06 18:48:58,128 - INFO - ✓ Successfully parsed __NEXT_DATA__ JSON
2025-12-06 18:48:58,128 - INFO - ✓ Found product data
2025-12-06 18:48:58,129 - INFO - ⚠ No inventory data found in HTML
2025-12-06 18:48:58,129 - INFO - ⚠ No product image found
2025-12-06 18:48:58,129 - INFO - ⚠ No color swatches found
2025-12-06 18:48:58,129 - INFO -   ✓ Successfully extracted: Cold Weather Running Half Zip [Category: supplies]
2025-12-06 18:48:58,129 - INFO - Processing: o33vn871q7.html
2025-12-06 18:48:58,129 - INFO - ============================================================
2025-12-06 18:48:58,130 - INFO - Lululemon Product Information Extractor to Excel
2025-12-06 18:48:58,130 - INFO - ============================================================
2025-12-06 18:48:58,130 - INFO - Reading HTML from: /home/theafrazkhan/Desktop/scrappin/backend/data/supplies/o33vn871q7.html
2025-12-06 18:48:58,130 - INFO - ✓ Successfully parsed __NEXT_DATA__ JSON
2025-12-06 18:48:58,130 - INFO - ✓ Found product data
2025-12-06 18:48:58,130 - INFO - ⚠ No inventory data found in HTML
2025-12-06 18:48:58,130 - INFO - ⚠ No product image found
2025-12-06 18:48:58,131 - INFO - ⚠ No color swatches found
2025-12-06 18:48:58,131 - INFO -   ✓ Successfully extracted: Brushed Softstreme Half Zip [Category: supplies]
2025-12-06 18:48:58,131 - INFO - Processing: mu7d0x376w.html
2025-12-06 18:48:58,131 - INFO - ============================================================
2025-12-06 18:48:58,131 - INFO - Lululemon Product Information Extractor to Excel
2025-12-06 18:48:58,131 - INFO - ============================================================
2025-12-06 18:48:58,132 - INFO - Reading HTML from: /home/theafrazkhan/Desktop/scrappin/backend/data/supplies/mu7d0x376w.html
2025-12-06 18:48:58,132 - INFO - ✓ Successfully parsed __NEXT_DATA__ JSON
2025-12-06 18:48:58,132 - INFO - ✓ Found product data
2025-12-06 18:48:58,132 - INFO - ⚠ No inventory data found in HTML
2025-12-06 18:48:58,132 - INFO - ⚠ No product image found
2025-12-06 18:48:58,132 - INFO - ⚠ No color swatches found
2025-12-06 18:48:58,133 - INFO -   ✓ Successfully extracted: Pace Breaker Jogger *Regular [Category: supplies]
2025-12-06 18:48:58,133 - INFO - Processing: d279l7o1tv.html
2025-12-06 18:48:58,133 - INFO - ============================================================
2025-12-06 18:48:58,133 - INFO - Lululemon Product Information Extractor to Excel
2025-12-06 18:49:00,118 - INFO - ============================================================
2025-12-06 18:49:00,119 - INFO - Reading HTML from: /home/theafrazkhan/Desktop/scrappin/backend/data/supplies/d279l7o1tv.html
2025-12-06 18:49:00,119 - INFO - ✓ Successfully parsed __NEXT_DATA__ JSON
2025-12-06 18:49:00,119 - INFO - ✓ Found product data
2025-12-06 18:49:00,119 - INFO - ⚠ No inventory data found in HTML
2025-12-06 18:49:00,119 - INFO - ⚠ No product image found
2025-12-06 18:49:00,119 - INFO - ⚠ No color swatches found
2025-12-06 18:49:00,120 - INFO -   ✓ Successfully extracted: Pace Breaker Lined Short 7" [Category: supplies]
2025-12-06 18:49:00,120 - INFO - Processing: a9ruj7kk4x.html
2025-12-06 18:49:00,120 - INFO - ============================================================
2025-12-06 18:49:00,120 - INFO - Lululemon Product Information Extractor to Excel
2025-12-06 18:49:00,120 - INFO - ============================================================
2025-12-06 18:49:00,120 - INFO - Reading HTML from: /home/theafrazkhan/Desktop/scrappin/backend/data/supplies/a9ruj7kk4x.html
2025-12-06 18:49:00,121 - INFO - ✓ Successfully parsed __NEXT_DATA__ JSON
2025-12-06 18:49:00,121 - INFO - ✓ Found product data
2025-12-06 18:49:00,121 - INFO - ⚠ No inventory data found in HTML
2025-12-06 18:49:00,121 - INFO - ⚠ No product image found
2025-12-06 18:49:00,121 - INFO - ⚠ No color swatches found
2025-12-06 18:49:00,121 - INFO -   ✓ Successfully extracted: ABC Slim-Fit Fixed-Waist Jogger *Regular [Category: supplies]
2025-12-06 18:49:00,121 - INFO - Processing: d7dkzkc4mb.html
2025-12-06 18:49:00,122 - INFO - ============================================================
2025-12-06 18:49:00,122 - INFO - Lululemon Product Information Extractor to Excel
2025-12-06 18:49:00,122 - INFO - ============================================================
2025-12-06 18:49:00,122 - INFO - Reading HTML from: /home/theafrazkhan/Desktop/scrappin/backend/data/supplies/d7dkzkc4mb.html
2025-12-06 18:49:00,122 - INFO - ✓ Successfully parsed __NEXT_DATA__ JSON
2025-12-06 18:49:00,122 - INFO - ✓ Found product data
2025-12-06 18:49:00,123 - INFO - ⚠ No inventory data found in HTML
2025-12-06 18:49:00,123 - INFO - ⚠ No product image found
2025-12-06 18:49:00,123 - INFO - ⚠ No color swatches found
2025-12-06 18:49:00,123 - INFO -   ✓ Successfully extracted: ABC Jogger Warpstreme *Tall [Category: supplies]
2025-12-06 18:49:00,123 - INFO - Processing: vd1eldejjq.html
2025-12-06 18:49:00,123 - INFO - ============================================================
2025-12-06 18:49:00,124 - INFO - Lululemon Product Information Extractor to Excel
2025-12-06 18:49:00,124 - INFO - ============================================================
2025-12-06 18:49:00,124 - INFO - Reading HTML from: /home/theafrazkhan/Desktop/scrappin/backend/data/supplies/vd1eldejjq.html
2025-12-06 18:49:00,124 - INFO - ✓ Successfully parsed __NEXT_DATA__ JSON
2025-12-06 18:49:00,124 - INFO - ✓ Found product data
2025-12-06 18:49:00,125 - INFO - ⚠ No inventory data found in HTML
2025-12-06 18:49:00,125 - INFO - ⚠ No product image found
2025-12-06 18:49:00,125 - INFO - ⚠ No color swatches found
2025-12-06 18:49:00,125 - INFO -   ✓ Successfully extracted: Define Jacket *Luon [Category: supplies]
2025-12-06 18:49:00,125 - INFO - Processing: v6tla28mp0.html
2025-12-06 18:49:00,126 - INFO - ============================================================
2025-12-06 18:49:00,126 - INFO - Lululemon Product Information Extractor to Excel
2025-12-06 18:49:00,126 - INFO - ============================================================
2025-12-06 18:49:00,126 - INFO - Reading HTML from: /home/theafrazkhan/Desktop/scrappin/backend/data/supplies/v6tla28mp0.html
2025-12-06 18:49:00,126 - INFO - ✓ Successfully parsed __NEXT_DATA__ JSON
2025-12-06 18:49:00,126 - INFO - ✓ Found product data
2025-12-06 18:49:00,127 - INFO - ⚠ No inventory data found in HTML
2025-12-06 18:49:00,127 - INFO - ⚠ No product image found
2025-12-06 18:49:00,127 - INFO - ⚠ No color swatches found
2025-12-06 18:49:00,127 - INFO -   ✓ Successfully extracted: Soft Jersey Jogger *Regular [Category: supplies]
2025-12-06 18:49:00,127 - INFO - Processing: bxp4p3wn4r.html
2025-12-06 18:49:00,127 - INFO - ============================================================
2025-12-06 18:49:00,127 - INFO - Lululemon Product Information Extractor to Excel
2025-12-06 18:49:00,128 - INFO - ============================================================
2025-12-06 18:49:00,128 - INFO - Reading HTML from: /home/theafrazkhan/Desktop/scrappin/backend/data/supplies/bxp4p3wn4r.html
2025-12-06 18:49:00,128 - INFO - ✓ Successfully parsed __NEXT_DATA__ JSON
2025-12-06 18:49:00,128 - INFO - ✓ Found product data
2025-12-06 18:49:00,128 - INFO - ⚠ No inventory data found in HTML
2025-12-06 18:49:00,128 - INFO - ⚠ No product image found
2025-12-06 18:49:00,129 - INFO - ⚠ No color swatches found
2025-12-06 18:49:00,129 - INFO -   ✓ Successfully extracted: Define Jacket Nulu *Flocked [Category: supplies]
2025-12-06 18:49:00,129 - INFO - Processing: g2faof1o98.html
2025-12-06 18:49:00,129 - INFO - ============================================================
2025-12-06 18:49:00,129 - INFO - Lululemon Product Information Extractor to Excel
2025-12-06 18:49:00,129 - INFO - ============================================================
2025-12-06 18:49:00,130 - INFO - Reading HTML from: /home/theafrazkhan/Desktop/scrappin/backend/data/supplies/g2faof1o98.html
2025-12-06 18:49:00,130 - INFO - ✓ Successfully parsed __NEXT_DATA__ JSON
2025-12-06 18:49:00,130 - INFO - ✓ Found product data
2025-12-06 18:49:00,130 - INFO - ⚠ No inventory data found in HTML
2025-12-06 18:49:00,130 - INFO - ⚠ No product image found
2025-12-06 18:49:00,130 - INFO - ⚠ No color swatches found
2025-12-06 18:49:00,131 - INFO -   ✓ Successfully extracted: Ebb to Street Cropped Racerback Tank Top *Light Support, B/C Cup [Category: supplies]
2025-12-06 18:49:00,131 - INFO - Processing: ccjxzqin3c.html
2025-12-06 18:49:00,131 - INFO - ============================================================
2025-12-06 18:49:00,131 - INFO - Lululemon Product Information Extractor to Excel
2025-12-06 18:49:00,131 - INFO - ============================================================
2025-12-06 18:49:00,131 - INFO - Reading HTML from: /home/theafrazkhan/Desktop/scrappin/backend/data/supplies/ccjxzqin3c.html
2025-12-06 18:49:00,131 - INFO - ✓ Successfully parsed __NEXT_DATA__ JSON
2025-12-06 18:49:00,132 - INFO - ✓ Found product data
2025-12-06 18:49:00,132 - INFO - ⚠ No inventory data found in HTML
2025-12-06 18:49:00,132 - INFO - ⚠ No product image found
2025-12-06 18:49:00,132 - INFO - ⚠ No color swatches found
2025-12-06 18:49:00,132 - INFO -   ✓ Successfully extracted: Pack It Down Vest [Category: supplies]
2025-12-06 18:49:00,132 - INFO - Processing: oo2vz3qc01.html
2025-12-06 18:49:00,133 - INFO - ============================================================
2025-12-06 18:49:00,133 - INFO - Lululemon Product Information Extractor to Excel
2025-12-06 18:49:00,133 - INFO - ============================================================
2025-12-06 18:49:00,133 - INFO - Reading HTML from: /home/theafrazkhan/Desktop/scrappin/backend/data/supplies/oo2vz3qc01.html
2025-12-06 18:49:00,133 - INFO - ✓ Successfully parsed __NEXT_DATA__ JSON
2025-12-06 18:49:00,133 - INFO - ✓ Found product data
2025-12-06 18:49:00,133 - INFO - ⚠ No inventory data found in HTML
2025-12-06 18:49:00,134 - INFO - ⚠ No product image found
2025-12-06 18:49:00,134 - INFO - ⚠ No color swatches found
2025-12-06 18:49:00,134 - INFO -   ✓ Successfully extracted: Define Cropped Jacket *Nulu [Category: supplies]
2025-12-06 18:49:00,134 - INFO - Processing: mc26jbe6ma.html
2025-12-06 18:49:00,134 - INFO - ============================================================
2025-12-06 18:49:00,134 - INFO - Lululemon Product Information Extractor to Excel
2025-12-06 18:49:00,135 - INFO - ============================================================
2025-12-06 18:49:00,135 - INFO - Reading HTML from: /home/theafrazkhan/Desktop/scrappin/backend/data/supplies/mc26jbe6ma.html
2025-12-06 18:49:00,135 - INFO - ✓ Successfully parsed __NEXT_DATA__ JSON
2025-12-06 18:49:00,135 - INFO - ✓ Found product data
2025-12-06 18:49:00,135 - INFO - ⚠ No inventory data found in HTML
2025-12-06 18:49:00,135 - INFO - ⚠ No product image found
2025-12-06 18:49:00,135 - INFO - ⚠ No color swatches found
2025-12-06 18:49:00,136 - INFO -   ✓ Successfully extracted: Cotton Terry Tennis Half Zip [Category: supplies]
2025-12-06 18:49:00,136 - INFO - Processing: fnu1n3t43v.html
2025-12-06 18:49:00,136 - INFO - ============================================================
2025-12-06 18:49:00,136 - INFO - Lululemon Product Information Extractor to Excel
2025-12-06 18:49:00,136 - INFO - ============================================================
2025-12-06 18:49:00,136 - INFO - Reading HTML from: /home/theafrazkhan/Desktop/scrappin/backend/data/supplies/fnu1n3t43v.html
2025-12-06 18:49:00,137 - INFO - ✓ Successfully parsed __NEXT_DATA__ JSON
2025-12-06 18:49:00,137 - INFO - ✓ Found product data
2025-12-06 18:49:00,137 - INFO - ⚠ No inventory data found in HTML
2025-12-06 18:49:00,137 - INFO - ⚠ No product image found
2025-12-06 18:49:00,137 - INFO - ⚠ No color swatches found
2025-12-06 18:49:00,137 - INFO -   ✓ Successfully extracted: Smooth Spacer Jogger *Regular [Category: supplies]
2025-12-06 18:49:00,138 - INFO - Processing: h534b5so2s.html
2025-12-06 18:49:00,138 - INFO - ============================================================
2025-12-06 18:49:00,138 - INFO - Lululemon Product Information Extractor to Excel
2025-12-06 18:49:00,138 - INFO - ============================================================
2025-12-06 18:49:00,138 - INFO - Reading HTML from: /home/theafrazkhan/Desktop/scrappin/backend/data/supplies/h534b5so2s.html
2025-12-06 18:49:00,138 - INFO - ✓ Successfully parsed __NEXT_DATA__ JSON
2025-12-06 18:49:00,139 - INFO - ✓ Found product data
2025-12-06 18:49:00,139 - INFO - ⚠ No inventory data found in HTML
2025-12-06 18:49:00,139 - INFO - ⚠ No product image found
2025-12-06 18:49:00,139 - INFO - ⚠ No color swatches found
2025-12-06 18:49:00,139 - INFO -   ✓ Successfully extracted: Define Cropped Jacket *Herringbone [Category: supplies]
2025-12-06 18:49:00,139 - INFO - ============================================================
2025-12-06 18:49:00,140 - INFO - Creating Excel file with category sheets + Summary...
2025-12-06 18:49:00,140 - INFO - ============================================================
2025-12-06 18:49:00,140 - INFO - Products added to sheets:
2025-12-06 18:49:00,140 - INFO -   Summary: 88 product(s)
2025-12-06 18:49:00,140 - INFO -   Accessories: 22 product(s)
2025-12-06 18:49:00,140 - INFO -   Men: 22 product(s)
2025-12-06 18:49:00,141 - INFO -   Women: 22 product(s)
2025-12-06 18:49:00,141 - INFO -   Supplies: 22 product(s)
2025-12-06 18:49:00,141 - INFO - ✓ Excel file saved to: /home/theafrazkhan/Desktop/scrappin/backend/all_products_20251206_184858.xlsx
2025-12-06 18:49:00,141 - INFO - ============================================================
2025-12-06 18:49:00,141 - INFO - BATCH EXTRACTION COMPLETE
2025-12-06 18:49:00,141 - INFO - ============================================================
2025-12-06 18:49:00,142 - INFO - Total HTML files processed: 88
2025-12-06 18:49:00,142 - INFO - Successfully extracted: 88
2025-12-06 18:49:00,142 - INFO - Failed: 0
2025-12-06 18:49:00,142 - INFO - Total products in Excel: 88
2025-12-06 18:49:00,142 - INFO - ============================================================
2025-12-06 18:49:00,285 - INFO - ✓ extract_to_excel.py completed successfully
2025-12-06 18:49:00,286 - INFO - 
======================================================================
2025-12-06 18:49:00,287 - INFO - ✅ PIPELINE COMPLETED SUCCESSFULLY!
2025-12-06 18:49:00,287 - INFO - ======================================================================
2025-12-06 18:49:00,288 - INFO - 
📊 Excel report generated: all_products_20251206_184858.xlsx
2025-12-06 18:49:00,290 - INFO - 📁 Full path: /home/theafrazkhan/Desktop/scrappin/backend/all_products_20251206_184858.xlsx
2025-12-06 18:49:00,291 - INFO - 
📝 Log file saved: /home/theafrazkhan/Desktop/scrappin/backend/logs/scraper_20251206_184326.log
2025-12-06 18:49:00,292 - INFO - 
🎉 All done! Your product data is ready.
