2025-12-04 22:35:23,464 - INFO - Pipeline started
2025-12-04 22:35:23,464 - INFO - Log file: /home/theafrazkhan/Desktop/scrappin/logs/scraper_20251204_223523.log
2025-12-04 22:35:23,465 - INFO - ✓ .env file found with credentials
2025-12-04 22:35:23,465 - INFO - 
======================================================================
2025-12-04 22:35:23,465 - INFO - STEP 1: Installing Dependencies
2025-12-04 22:35:23,466 - INFO - ======================================================================
2025-12-04 22:35:23,466 - INFO - 📦 Installing Python packages from requirements.txt...
2025-12-04 22:35:26,642 - INFO - ✓ Dependencies installed successfully
2025-12-04 22:35:26,643 - INFO - 
🌐 Installing Playwright browsers...
2025-12-04 22:35:27,975 - INFO - ✓ Playwright browsers installed
2025-12-04 22:35:27,976 - INFO - 
======================================================================
2025-12-04 22:35:27,976 - INFO - STEP 2: Login & Save Cookies
2025-12-04 22:35:27,976 - INFO - ======================================================================
2025-12-04 22:35:27,976 - INFO - 🚀 Running: login_and_save_cookies.py
2025-12-04 22:36:49,333 - INFO - ============================================================
2025-12-04 22:36:49,333 - INFO - Lululemon Wholesale Portal - Login & Cookie Extractor
2025-12-04 22:36:49,333 - INFO - ============================================================
2025-12-04 22:36:49,333 - INFO - [1/4] Setting up Chrome WebDriver...
2025-12-04 22:36:49,333 - INFO - [2/4] Logging in to wholesale portal...
2025-12-04 22:36:49,334 - INFO - Navigating to https://wholesale.lululemon.com/...
2025-12-04 22:36:49,334 - INFO - Looking for email input field...
2025-12-04 22:36:49,334 - INFO - Entering email: Joe@aureaclubs.com
2025-12-04 22:36:49,334 - INFO - Entering password...
2025-12-04 22:36:49,334 - INFO - Clicking login button...
2025-12-04 22:36:49,334 - INFO - Waiting for login to complete...
2025-12-04 22:36:49,334 - INFO - ✓ Login successful!
2025-12-04 22:36:49,334 - INFO - Current URL: https://wholesale.lululemon.com/
2025-12-04 22:36:49,335 - INFO - [3/4] Saving cookies...
2025-12-04 22:36:49,335 - INFO - Found 5 cookies
2025-12-04 22:36:49,335 - INFO - ✓ Cookies saved to: /home/theafrazkhan/Desktop/scrappin/data/cookie/cookie.json
2025-12-04 22:36:49,335 - INFO - Important cookies found:
2025-12-04 22:36:49,335 - INFO -   - frontastic-session: eyJ0eXAiOiJKV1QiLCJhbGciOiJIUzI1NiIsImtpZCI6IjZiMm...
2025-12-04 22:36:49,335 - INFO - [4/4] Extracting product counts from category pages...
2025-12-04 22:36:49,335 - INFO -   Navigating to women...
2025-12-04 22:36:49,336 - INFO -   Found text: Showing 12 of 271 items
2025-12-04 22:36:49,336 - INFO -   ✓ Total products in women: 271
2025-12-04 22:36:49,336 - INFO -   Navigating to men...
2025-12-04 22:36:49,336 - INFO -   Found text: Showing 12 of 173 items
2025-12-04 22:36:49,336 - INFO -   ✓ Total products in men: 173
2025-12-04 22:36:49,336 - INFO -   Navigating to accessories...
2025-12-04 22:36:49,337 - INFO -   Found text: Showing 12 of 87 items
2025-12-04 22:36:49,337 - INFO -   ✓ Total products in accessories: 87
2025-12-04 22:36:49,337 - INFO -   Navigating to supplies...
2025-12-04 22:36:49,337 - INFO -   Found text: Showing 10 of 10 items
2025-12-04 22:36:49,337 - INFO -   ✓ Total products in supplies: 10
2025-12-04 22:36:49,337 - INFO - [4/4] Updating links.csv file...
2025-12-04 22:36:49,338 - INFO -   - women: limit=281
2025-12-04 22:36:49,338 - INFO -   - men: limit=183
2025-12-04 22:36:49,338 - INFO -   - accessories: limit=97
2025-12-04 22:36:49,338 - INFO -   - supplies: limit=20
2025-12-04 22:36:49,338 - INFO - ✓ Links saved to: /home/theafrazkhan/Desktop/scrappin/data/links.csv
2025-12-04 22:36:49,338 - INFO - ============================================================
2025-12-04 22:36:49,339 - INFO - ✓ SUCCESS! All tasks completed.
2025-12-04 22:36:49,339 - INFO - ============================================================
2025-12-04 22:36:49,339 - INFO - Cookie file: /home/theafrazkhan/Desktop/scrappin/data/cookie/cookie.json
2025-12-04 22:36:49,339 - INFO - Links file: /home/theafrazkhan/Desktop/scrappin/data/links.csv
2025-12-04 22:36:49,339 - INFO - You can now use these cookies and links with your download scripts.
2025-12-04 22:36:49,339 - INFO - Closing browser...
2025-12-04 22:36:49,401 - INFO - ✓ login_and_save_cookies.py completed successfully
2025-12-04 22:36:49,402 - INFO - 
======================================================================
2025-12-04 22:36:49,402 - INFO - STEP 3: Extract Product Links
2025-12-04 22:36:49,403 - INFO - ======================================================================
2025-12-04 22:36:49,403 - INFO - 🚀 Running: extract_product_links.py
2025-12-04 22:38:08,135 - INFO - ======================================================================
2025-12-04 22:38:08,135 - INFO - Category Page Downloader & Product Link Extractor
2025-12-04 22:38:08,135 - INFO - ======================================================================
2025-12-04 22:38:08,135 - INFO - 📖 Reading category links from CSV...
2025-12-04 22:38:08,135 - INFO - ✓ Found 4 categories: women, men, accessories, supplies
2025-12-04 22:38:08,135 - INFO - 🍪 Loading session cookies...
2025-12-04 22:38:08,135 - INFO - ✓ Loaded 5 cookies
2025-12-04 22:38:08,135 - INFO - ======================================================================
2025-12-04 22:38:08,135 - INFO - STEP 1: Downloading Category Pages
2025-12-04 22:38:08,135 - INFO - ======================================================================
2025-12-04 22:38:08,135 - INFO - 📥 Downloading: women
2025-12-04 22:38:08,135 - INFO -    URL: https://wholesale.lululemon.com/lululemon/women?limit=281&pic=14ffd75b-6d75-49dd-8ea5-811f163e6c06&prc=a1eb736a-58d3-43fb-b99a-e435e30b5b4c
2025-12-04 22:38:08,136 - INFO -    ⏳ Loading page...
2025-12-04 22:38:08,136 - INFO -    ⏳ Waiting for products to load...
2025-12-04 22:38:08,136 - INFO -    ✓ Products loaded in DOM
2025-12-04 22:38:08,136 - INFO -    ✓ Saved to: /home/theafrazkhan/Desktop/scrappin/data/women.html
2025-12-04 22:38:08,136 - INFO - 📥 Downloading: men
2025-12-04 22:38:08,136 - INFO -    URL: https://wholesale.lululemon.com/lululemon/men?limit=183&pic=14ffd75b-6d75-49dd-8ea5-811f163e6c06&prc=a1eb736a-58d3-43fb-b99a-e435e30b5b4c
2025-12-04 22:38:08,136 - INFO -    ⏳ Loading page...
2025-12-04 22:38:08,136 - INFO -    ⏳ Waiting for products to load...
2025-12-04 22:38:08,136 - INFO -    ✓ Products loaded in DOM
2025-12-04 22:38:08,136 - INFO -    ✓ Saved to: /home/theafrazkhan/Desktop/scrappin/data/men.html
2025-12-04 22:38:08,136 - INFO - 📥 Downloading: accessories
2025-12-04 22:38:08,136 - INFO -    URL: https://wholesale.lululemon.com/lululemon/accessories?limit=97&pic=14ffd75b-6d75-49dd-8ea5-811f163e6c06&prc=a1eb736a-58d3-43fb-b99a-e435e30b5b4c
2025-12-04 22:38:08,136 - INFO -    ⏳ Loading page...
2025-12-04 22:38:08,136 - INFO -    ⏳ Waiting for products to load...
2025-12-04 22:38:08,136 - INFO -    ✓ Products loaded in DOM
2025-12-04 22:38:08,136 - INFO -    ✓ Saved to: /home/theafrazkhan/Desktop/scrappin/data/accessories.html
2025-12-04 22:38:08,137 - INFO - 📥 Downloading: supplies
2025-12-04 22:38:08,137 - INFO -    URL: https://wholesale.lululemon.com/lululemon/supplies?limit=20&pic=14ffd75b-6d75-49dd-8ea5-811f163e6c06&prc=a1eb736a-58d3-43fb-b99a-e435e30b5b4c
2025-12-04 22:38:08,137 - INFO -    ⏳ Loading page...
2025-12-04 22:38:08,137 - INFO -    ⏳ Waiting for products to load...
2025-12-04 22:38:08,137 - INFO -    ✓ Products loaded in DOM
2025-12-04 22:38:08,137 - INFO -    ✓ Saved to: /home/theafrazkhan/Desktop/scrappin/data/supplies.html
2025-12-04 22:38:08,137 - INFO - ======================================================================
2025-12-04 22:38:08,137 - INFO - STEP 2: Extracting Product Links
2025-12-04 22:38:08,137 - INFO - ======================================================================
2025-12-04 22:38:08,137 - INFO - 🔍 Extracting links from: women.html
2025-12-04 22:38:08,137 - INFO -    📦 Found 0 products in JSON data
2025-12-04 22:38:08,137 - INFO -    ℹ️  Falling back to HTML parsing...
2025-12-04 22:38:08,138 - INFO -    ✓ Found 271 unique product links
2025-12-04 22:38:08,138 - INFO -    ✓ Saved to: /home/theafrazkhan/Desktop/scrappin/data/categories/women.csv
2025-12-04 22:38:08,138 - INFO - 🔍 Extracting links from: men.html
2025-12-04 22:38:08,138 - INFO -    📦 Found 0 products in JSON data
2025-12-04 22:38:08,138 - INFO -    ℹ️  Falling back to HTML parsing...
2025-12-04 22:38:08,138 - INFO -    ✓ Found 173 unique product links
2025-12-04 22:38:08,138 - INFO -    ✓ Saved to: /home/theafrazkhan/Desktop/scrappin/data/categories/men.csv
2025-12-04 22:38:08,138 - INFO - 🔍 Extracting links from: accessories.html
2025-12-04 22:38:08,138 - INFO -    📦 Found 0 products in JSON data
2025-12-04 22:38:08,138 - INFO -    ℹ️  Falling back to HTML parsing...
2025-12-04 22:38:08,138 - INFO -    ✓ Found 87 unique product links
2025-12-04 22:38:08,138 - INFO -    ✓ Saved to: /home/theafrazkhan/Desktop/scrappin/data/categories/accessories.csv
2025-12-04 22:38:08,138 - INFO - 🔍 Extracting links from: supplies.html
2025-12-04 22:38:08,139 - INFO -    📦 Found 0 products in JSON data
2025-12-04 22:38:08,139 - INFO -    ℹ️  Falling back to HTML parsing...
2025-12-04 22:38:08,139 - INFO -    ✓ Found 10 unique product links
2025-12-04 22:38:08,139 - INFO -    ✓ Saved to: /home/theafrazkhan/Desktop/scrappin/data/categories/supplies.csv
2025-12-04 22:38:08,139 - INFO - ======================================================================
2025-12-04 22:38:08,139 - INFO - STEP 3: Cleaning Up HTML Files
2025-12-04 22:38:08,139 - INFO - ======================================================================
2025-12-04 22:38:08,139 - INFO - 🗑️  Deleted: women.html
2025-12-04 22:38:08,139 - INFO - 🗑️  Deleted: men.html
2025-12-04 22:38:08,139 - INFO - 🗑️  Deleted: accessories.html
2025-12-04 22:38:08,139 - INFO - 🗑️  Deleted: supplies.html
2025-12-04 22:38:08,139 - INFO - ======================================================================
2025-12-04 22:38:08,139 - INFO - EXTRACTION COMPLETE!
2025-12-04 22:38:08,139 - INFO - ======================================================================
2025-12-04 22:38:08,139 - INFO - ✓ Women: 271 product links
2025-12-04 22:38:08,139 - INFO - ✓ Men: 173 product links
2025-12-04 22:38:08,140 - INFO - ✓ Accessories: 87 product links
2025-12-04 22:38:08,140 - INFO - ✓ Supplies: 10 product links
2025-12-04 22:38:08,140 - INFO - 🔗 Total unique product links: 541
2025-12-04 22:38:08,140 - INFO - 📁 CSV files saved in: /home/theafrazkhan/Desktop/scrappin/data/categories/
2025-12-04 22:38:08,140 - INFO - ======================================================================
2025-12-04 22:38:08,269 - INFO - ✓ extract_product_links.py completed successfully
2025-12-04 22:38:08,269 - INFO - 
======================================================================
2025-12-04 22:38:08,269 - INFO - STEP 4: Download Product Pages
2025-12-04 22:38:08,269 - INFO - ======================================================================
2025-12-04 22:38:08,270 - INFO - 🚀 Running: download_by_category.py
