2025-12-06 17:52:42,513 - INFO - Pipeline started
2025-12-06 17:52:42,515 - INFO - Log file: /home/theafrazkhan/Desktop/scrappin/backend/logs/scraper_20251206_175242.log
2025-12-06 17:52:42,517 - INFO - ✓ .env file found with credentials
2025-12-06 17:52:42,517 - INFO - 
======================================================================
2025-12-06 17:52:42,517 - INFO - STEP 1: Installing Dependencies
2025-12-06 17:52:42,518 - INFO - ======================================================================
2025-12-06 17:52:42,518 - INFO - 📦 Installing Python packages from requirements.txt...
2025-12-06 17:52:48,186 - INFO - ✓ Dependencies installed successfully
2025-12-06 17:52:48,187 - INFO - 
🌐 Installing Playwright browsers...
2025-12-06 17:52:50,985 - INFO - ✓ Playwright browsers installed
2025-12-06 17:52:50,987 - INFO - 
======================================================================
2025-12-06 17:52:50,988 - INFO - STEP 2: Login & Save Cookies
2025-12-06 17:52:50,988 - INFO - ======================================================================
2025-12-06 17:52:50,989 - INFO - 🚀 Running: login_and_save_cookies.py
2025-12-06 17:54:40,424 - INFO - ============================================================
2025-12-06 17:54:40,425 - INFO - Lululemon Wholesale Portal - Login & Cookie Extractor
2025-12-06 17:54:40,426 - INFO - ============================================================
2025-12-06 17:54:40,426 - INFO - [1/4] Setting up Chrome WebDriver...
2025-12-06 17:54:40,426 - INFO - [2/4] Logging in to wholesale portal...
2025-12-06 17:54:40,427 - INFO - Navigating to https://wholesale.lululemon.com/...
2025-12-06 17:54:40,427 - INFO - Looking for email input field...
2025-12-06 17:54:40,427 - INFO - Entering email: thebestafa
2025-12-06 17:54:40,428 - INFO - Entering password...
2025-12-06 17:54:40,429 - INFO - Clicking login button...
2025-12-06 17:54:40,430 - INFO - Waiting for login to complete...
2025-12-06 17:54:40,431 - INFO - ✓ Login successful!
2025-12-06 17:54:40,431 - INFO - Current URL: https://wholesale.lululemon.com/login?lvp=%2F
2025-12-06 17:54:40,431 - INFO - [3/4] Saving cookies...
2025-12-06 17:54:40,432 - INFO - Found 5 cookies
2025-12-06 17:54:40,432 - INFO - ✓ Cookies saved to: /home/theafrazkhan/Desktop/scrappin/backend/data/cookie/cookie.json
2025-12-06 17:54:40,432 - INFO - Important cookies found:
2025-12-06 17:54:40,433 - INFO -   - frontastic-session: eyJ0eXAiOiJKV1QiLCJhbGciOiJIUzI1NiIsImtpZCI6IjZiMm...
2025-12-06 17:54:40,434 - INFO - [4/4] Extracting product counts from category pages...
2025-12-06 17:54:40,434 - INFO -   Navigating to women...
2025-12-06 17:54:40,434 - INFO -   Found text: Showing 12 of 266 items
2025-12-06 17:54:40,435 - INFO -   ✓ Total products in women: 266
2025-12-06 17:54:40,435 - INFO -   Navigating to men...
2025-12-06 17:54:40,435 - INFO -   ⚠ Could not extract product count for men, using default limit=12
2025-12-06 17:54:40,436 - INFO -   Navigating to accessories...
2025-12-06 17:54:40,436 - INFO -   ⚠ Could not extract product count for accessories, using default limit=12
2025-12-06 17:54:40,437 - INFO -   Navigating to supplies...
2025-12-06 17:54:40,437 - INFO -   ⚠ Could not extract product count for supplies, using default limit=12
2025-12-06 17:54:40,440 - INFO - [4/4] Updating links.csv file...
2025-12-06 17:54:40,440 - INFO -   - women: limit=276
2025-12-06 17:54:40,441 - INFO -   - men: limit=12
2025-12-06 17:54:40,441 - INFO -   - accessories: limit=12
2025-12-06 17:54:40,441 - INFO -   - supplies: limit=12
2025-12-06 17:54:40,441 - INFO - ✓ Links saved to: /home/theafrazkhan/Desktop/scrappin/backend/data/links.csv
2025-12-06 17:54:40,441 - INFO - ============================================================
2025-12-06 17:54:40,442 - INFO - ✓ SUCCESS! All tasks completed.
2025-12-06 17:54:40,442 - INFO - ============================================================
2025-12-06 17:54:40,442 - INFO - Cookie file: /home/theafrazkhan/Desktop/scrappin/backend/data/cookie/cookie.json
2025-12-06 17:54:40,443 - INFO - Links file: /home/theafrazkhan/Desktop/scrappin/backend/data/links.csv
2025-12-06 17:54:40,443 - INFO - You can now use these cookies and links with your download scripts.
2025-12-06 17:54:40,443 - INFO - Closing browser...
2025-12-06 17:54:40,507 - INFO - ✓ login_and_save_cookies.py completed successfully
2025-12-06 17:54:40,508 - INFO - 
======================================================================
2025-12-06 17:54:40,509 - INFO - STEP 3: Extract Product Links
2025-12-06 17:54:40,509 - INFO - ======================================================================
2025-12-06 17:54:40,510 - INFO - 🚀 Running: extract_product_links.py
2025-12-06 17:56:54,158 - INFO - ======================================================================
2025-12-06 17:56:54,159 - INFO - Category Page Downloader & Product Link Extractor
2025-12-06 17:56:54,159 - INFO - ======================================================================
2025-12-06 17:56:54,160 - INFO - 📖 Reading category links from CSV...
2025-12-06 17:56:54,160 - INFO - ✓ Found 4 categories: women, men, accessories, supplies
2025-12-06 17:56:54,161 - INFO - 🍪 Loading session cookies...
2025-12-06 17:56:54,161 - INFO - ✓ Loaded 5 cookies
2025-12-06 17:56:54,162 - INFO - ======================================================================
2025-12-06 17:56:54,162 - INFO - STEP 1: Downloading Category Pages
2025-12-06 17:56:54,163 - INFO - ======================================================================
2025-12-06 17:56:54,163 - INFO - 📥 Downloading: women
2025-12-06 17:56:54,163 - INFO -    URL: https://wholesale.lululemon.com/lululemon/women?limit=276&pic=14ffd75b-6d75-49dd-8ea5-811f163e6c06&prc=a1eb736a-58d3-43fb-b99a-e435e30b5b4c
2025-12-06 17:56:54,164 - INFO -    ⏳ Loading page...
2025-12-06 17:56:54,164 - INFO -    ⏳ Waiting for products to load...
2025-12-06 17:56:54,165 - INFO -    ⚠ Timeout waiting for product elements
2025-12-06 17:56:54,165 - INFO -    ✓ Saved to: /home/theafrazkhan/Desktop/scrappin/backend/data/women.html
2025-12-06 17:56:54,165 - INFO - 📥 Downloading: men
2025-12-06 17:56:54,166 - INFO -    URL: https://wholesale.lululemon.com/lululemon/men?limit=12&pic=14ffd75b-6d75-49dd-8ea5-811f163e6c06&prc=a1eb736a-58d3-43fb-b99a-e435e30b5b4c
2025-12-06 17:56:54,166 - INFO -    ⏳ Loading page...
2025-12-06 17:56:54,167 - INFO -    ⏳ Waiting for products to load...
2025-12-06 17:56:54,167 - INFO -    ⚠ Timeout waiting for product elements
2025-12-06 17:56:54,168 - INFO -    ✓ Saved to: /home/theafrazkhan/Desktop/scrappin/backend/data/men.html
2025-12-06 17:56:54,168 - INFO - 📥 Downloading: accessories
2025-12-06 17:56:54,168 - INFO -    URL: https://wholesale.lululemon.com/lululemon/accessories?limit=12&pic=14ffd75b-6d75-49dd-8ea5-811f163e6c06&prc=a1eb736a-58d3-43fb-b99a-e435e30b5b4c
2025-12-06 17:56:54,169 - INFO -    ⏳ Loading page...
2025-12-06 17:56:54,169 - INFO -    ⏳ Waiting for products to load...
2025-12-06 17:56:54,170 - INFO -    ⚠ Timeout waiting for product elements
2025-12-06 17:56:54,170 - INFO -    ✓ Saved to: /home/theafrazkhan/Desktop/scrappin/backend/data/accessories.html
2025-12-06 17:56:54,171 - INFO - 📥 Downloading: supplies
2025-12-06 17:56:54,171 - INFO -    URL: https://wholesale.lululemon.com/lululemon/supplies?limit=12&pic=14ffd75b-6d75-49dd-8ea5-811f163e6c06&prc=a1eb736a-58d3-43fb-b99a-e435e30b5b4c
2025-12-06 17:56:54,171 - INFO -    ⏳ Loading page...
2025-12-06 17:56:54,172 - INFO -    ⏳ Waiting for products to load...
2025-12-06 17:56:54,172 - INFO -    ⚠ Timeout waiting for product elements
2025-12-06 17:56:54,173 - INFO -    ✓ Saved to: /home/theafrazkhan/Desktop/scrappin/backend/data/supplies.html
2025-12-06 17:56:54,173 - INFO - ======================================================================
2025-12-06 17:56:54,173 - INFO - STEP 2: Extracting Product Links
2025-12-06 17:56:54,174 - INFO - ======================================================================
2025-12-06 17:56:54,174 - INFO - 🔍 Extracting links from: women.html
2025-12-06 17:56:54,175 - INFO -    📦 Found 0 products in JSON data
2025-12-06 17:56:54,175 - INFO -    ℹ️  Falling back to HTML parsing...
2025-12-06 17:56:54,176 - INFO -    ✓ Found 0 unique product links
2025-12-06 17:56:54,176 - INFO - 🔍 Extracting links from: men.html
2025-12-06 17:56:54,176 - INFO -    📦 Found 0 products in JSON data
2025-12-06 17:56:54,177 - INFO -    ℹ️  Falling back to HTML parsing...
2025-12-06 17:56:54,177 - INFO -    ✓ Found 0 unique product links
2025-12-06 17:56:54,178 - INFO - 🔍 Extracting links from: accessories.html
2025-12-06 17:56:54,178 - INFO -    📦 Found 0 products in JSON data
2025-12-06 17:56:54,178 - INFO -    ℹ️  Falling back to HTML parsing...
2025-12-06 17:56:54,179 - INFO -    ✓ Found 0 unique product links
2025-12-06 17:56:54,179 - INFO - 🔍 Extracting links from: supplies.html
2025-12-06 17:56:54,180 - INFO -    📦 Found 0 products in JSON data
2025-12-06 17:56:54,180 - INFO -    ℹ️  Falling back to HTML parsing...
2025-12-06 17:56:54,180 - INFO -    ✓ Found 0 unique product links
2025-12-06 17:56:54,181 - INFO - ======================================================================
2025-12-06 17:56:54,181 - INFO - STEP 3: Cleaning Up HTML Files
2025-12-06 17:56:54,182 - INFO - ======================================================================
2025-12-06 17:56:54,182 - INFO - 🗑️  Deleted: women.html
2025-12-06 17:56:54,182 - INFO - 🗑️  Deleted: men.html
2025-12-06 17:56:54,183 - INFO - 🗑️  Deleted: accessories.html
2025-12-06 17:56:54,183 - INFO - 🗑️  Deleted: supplies.html
2025-12-06 17:56:54,184 - INFO - ======================================================================
2025-12-06 17:56:54,184 - INFO - EXTRACTION COMPLETE!
2025-12-06 17:56:54,184 - INFO - ======================================================================
2025-12-06 17:56:54,185 - INFO - 🔗 Total unique product links: 0
2025-12-06 17:56:54,185 - INFO - 📁 CSV files saved in: /home/theafrazkhan/Desktop/scrappin/backend/data/categories/
2025-12-06 17:56:54,186 - INFO - ======================================================================
2025-12-06 17:56:54,463 - INFO - ✓ extract_product_links.py completed successfully
2025-12-06 17:56:54,464 - INFO - 
======================================================================
2025-12-06 17:56:54,465 - INFO - STEP 4: Download Product Pages
2025-12-06 17:56:54,465 - INFO - ======================================================================
2025-12-06 17:56:54,466 - INFO - 🚀 Running: download_by_category.py
